[23:58:50.156] [INFO] Storybook Upgrade - v9.1.10
[23:58:50.227] [INFO] detect-projects-spinner-start: Detecting projects...
[23:58:50.230] [DEBUG] Finding Storybook projects...
[23:58:50.882] [DEBUG] Found 14 Storybook projects
[23:58:50.883] [INFO] detect-projects-spinner: Detecting projects: 1 projects
[23:58:50.884] [DEBUG] Getting Storybook data...
[23:58:50.884] [DEBUG] Getting Storybook info...
[23:58:50.886] [DEBUG] Loading main config...
[23:58:50.896] [INFO] detect-projects-spinner: Detecting projects: 2 projects
[23:58:50.896] [DEBUG] Getting Storybook data...
[23:58:50.896] [DEBUG] Getting Storybook info...
[23:58:50.898] [DEBUG] Loading main config...
[23:58:50.900] [INFO] detect-projects-spinner: Detecting projects: 3 projects
[23:58:50.900] [DEBUG] Getting Storybook data...
[23:58:50.900] [DEBUG] Getting Storybook info...
[23:58:50.901] [DEBUG] Loading main config...
[23:58:50.903] [INFO] detect-projects-spinner: Detecting projects: 4 projects
[23:58:50.903] [DEBUG] Getting Storybook data...
[23:58:50.903] [DEBUG] Getting Storybook info...
[23:58:50.905] [DEBUG] Loading main config...
[23:58:50.906] [INFO] detect-projects-spinner: Detecting projects: 5 projects
[23:58:50.906] [DEBUG] Getting Storybook data...
[23:58:50.906] [DEBUG] Getting Storybook info...
[23:58:50.908] [DEBUG] Loading main config...
[23:58:51.371] [DEBUG] Getting stories paths...
[23:58:51.390] [DEBUG] Getting stories paths...
[23:58:51.397] [DEBUG] Getting stories paths...
[23:58:51.403] [DEBUG] Getting stories paths...
[23:58:51.408] [DEBUG] Getting stories paths...
[23:58:51.427] [DEBUG] Getting package manager...
[23:58:52.470] [DEBUG] Getting Storybook version...
[23:58:52.473] [DEBUG] C:/Users/bryan/new111/web-sdk/apps/cluster/.storybook - Validating before version... 9.0.15
[23:58:52.473] [DEBUG] C:/Users/bryan/new111/web-sdk/apps/cluster/.storybook - Validating upgrade compatibility...
[23:58:52.473] [DEBUG] C:/Users/bryan/new111/web-sdk/apps/cluster/.storybook - Fetching NPM version information...
[23:58:52.473] [DEBUG] Getting CLI versions from NPM for storybook...
[23:58:52.484] [DEBUG] Getting CLI versions from NPM for storybook@next...
[23:58:52.499] [DEBUG] Getting package manager...
[23:58:53.843] [DEBUG] Getting Storybook version...
[23:58:53.848] [DEBUG] C:/Users/bryan/new111/web-sdk/apps/number-picker/.storybook - Validating before version... 9.0.15
[23:58:53.848] [DEBUG] C:/Users/bryan/new111/web-sdk/apps/number-picker/.storybook - Validating upgrade compatibility...
[23:58:53.848] [DEBUG] C:/Users/bryan/new111/web-sdk/apps/number-picker/.storybook - Fetching NPM version information...
[23:58:53.848] [DEBUG] Getting CLI versions from NPM for storybook...
[23:58:53.852] [DEBUG] Getting CLI versions from NPM for storybook@next...
[23:58:53.860] [DEBUG] Getting package manager...
[23:58:55.533] [DEBUG] Getting Storybook version...
[23:58:55.538] [DEBUG] C:/Users/bryan/new111/web-sdk/apps/lines/.storybook - Validating before version... 9.0.15
[23:58:55.539] [DEBUG] C:/Users/bryan/new111/web-sdk/apps/lines/.storybook - Validating upgrade compatibility...
[23:58:55.539] [DEBUG] C:/Users/bryan/new111/web-sdk/apps/lines/.storybook - Fetching NPM version information...
[23:58:55.539] [DEBUG] Getting CLI versions from NPM for storybook...
[23:58:55.543] [DEBUG] Getting CLI versions from NPM for storybook@next...
[23:58:55.550] [DEBUG] Getting package manager...
[23:58:56.949] [DEBUG] Getting Storybook version...
[23:58:56.952] [DEBUG] C:/Users/bryan/new111/web-sdk/apps/price/.storybook - Validating before version... 9.0.15
[23:58:56.952] [DEBUG] C:/Users/bryan/new111/web-sdk/apps/price/.storybook - Validating upgrade compatibility...
[23:58:56.952] [DEBUG] C:/Users/bryan/new111/web-sdk/apps/price/.storybook - Fetching NPM version information...
[23:58:56.953] [DEBUG] Getting CLI versions from NPM for storybook...
[23:58:56.959] [DEBUG] Getting CLI versions from NPM for storybook@next...
[23:58:56.967] [DEBUG] Getting package manager...
[23:58:58.435] [DEBUG] Getting Storybook version...
[23:58:58.441] [DEBUG] C:/Users/bryan/new111/web-sdk/apps/scatter/.storybook - Validating before version... 9.0.15
[23:58:58.441] [DEBUG] C:/Users/bryan/new111/web-sdk/apps/scatter/.storybook - Validating upgrade compatibility...
[23:58:58.441] [DEBUG] C:/Users/bryan/new111/web-sdk/apps/scatter/.storybook - Fetching NPM version information...
[23:58:58.441] [DEBUG] Getting CLI versions from NPM for storybook...
[23:58:58.451] [DEBUG] Getting CLI versions from NPM for storybook@next...
[23:58:58.483] [DEBUG] C:/Users/bryan/new111/web-sdk/apps/cluster/.storybook - Evaluating blockers...
[23:58:58.492] [DEBUG] Getting installed version for @storybook/experimental-addon-test...
[23:58:58.509] [DEBUG] C:/Users/bryan/new111/web-sdk/apps/number-picker/.storybook - Evaluating blockers...
[23:58:58.517] [DEBUG] Getting installed version for @storybook/experimental-addon-test...
[23:58:58.524] [DEBUG] C:/Users/bryan/new111/web-sdk/apps/lines/.storybook - Evaluating blockers...
[23:58:58.531] [DEBUG] Getting installed version for @storybook/experimental-addon-test...
[23:58:59.025] [DEBUG] C:/Users/bryan/new111/web-sdk/apps/price/.storybook - Evaluating blockers...
[23:58:59.033] [DEBUG] Getting installed version for @storybook/experimental-addon-test...
[23:59:01.416] [DEBUG] C:/Users/bryan/new111/web-sdk/apps/scatter/.storybook - Evaluating blockers...
[23:59:01.422] [DEBUG] Getting installed version for @storybook/experimental-addon-test...
[23:59:01.431] [INFO] detect-projects-spinner: Detecting projects: 6 projects
[23:59:01.431] [DEBUG] Getting Storybook data...
[23:59:01.431] [DEBUG] Getting Storybook info...
[23:59:01.438] [DEBUG] Loading main config...
[23:59:01.455] [DEBUG] Getting stories paths...
[23:59:01.459] [DEBUG] Getting package manager...
[23:59:02.623] [DEBUG] Getting Storybook version...
[23:59:02.633] [DEBUG] C:/Users/bryan/new111/web-sdk/apps/ways/.storybook - Validating before version... 9.0.15
[23:59:02.633] [DEBUG] C:/Users/bryan/new111/web-sdk/apps/ways/.storybook - Validating upgrade compatibility...
[23:59:02.633] [DEBUG] C:/Users/bryan/new111/web-sdk/apps/ways/.storybook - Fetching NPM version information...
[23:59:02.633] [DEBUG] Using cached version for storybook...
[23:59:02.633] [DEBUG] Using cached version for storybook@next...
[23:59:02.633] [DEBUG] C:/Users/bryan/new111/web-sdk/apps/ways/.storybook - Evaluating blockers...
[23:59:02.637] [DEBUG] Using cached installed version for @storybook/experimental-addon-test...
[23:59:02.637] [INFO] detect-projects-spinner: Detecting projects: 7 projects
[23:59:02.637] [DEBUG] Getting Storybook data...
[23:59:02.637] [DEBUG] Getting Storybook info...
[23:59:02.639] [DEBUG] Loading main config...
[23:59:02.642] [INFO] detect-projects-spinner: Detecting projects: 8 projects
[23:59:02.642] [DEBUG] Getting Storybook data...
[23:59:02.642] [DEBUG] Getting Storybook info...
[23:59:02.643] [DEBUG] Loading main config...
[23:59:02.646] [INFO] detect-projects-spinner: Detecting projects: 9 projects
[23:59:02.646] [DEBUG] Getting Storybook data...
[23:59:02.646] [DEBUG] Getting Storybook info...
[23:59:02.647] [DEBUG] Loading main config...
[23:59:02.650] [INFO] detect-projects-spinner: Detecting projects: 10 projects
[23:59:02.650] [DEBUG] Getting Storybook data...
[23:59:02.650] [DEBUG] Getting Storybook info...
[23:59:02.651] [DEBUG] Loading main config...
[23:59:02.658] [DEBUG] Getting stories paths...
[23:59:02.666] [DEBUG] Getting stories paths...
[23:59:02.671] [DEBUG] Getting stories paths...
[23:59:02.682] [DEBUG] Getting stories paths...
[23:59:02.685] [DEBUG] Getting package manager...
[23:59:03.585] [DEBUG] Getting Storybook version...
[23:59:03.587] [DEBUG] C:/Users/bryan/new111/web-sdk/packages/components-layout/.storybook - Validating before version... 9.0.15
[23:59:03.587] [DEBUG] C:/Users/bryan/new111/web-sdk/packages/components-layout/.storybook - Validating upgrade compatibility...
[23:59:03.587] [DEBUG] C:/Users/bryan/new111/web-sdk/packages/components-layout/.storybook - Fetching NPM version information...
[23:59:03.587] [DEBUG] Using cached version for storybook...
[23:59:03.587] [DEBUG] Using cached version for storybook@next...
[23:59:03.587] [DEBUG] C:/Users/bryan/new111/web-sdk/packages/components-layout/.storybook - Evaluating blockers...
[23:59:03.590] [DEBUG] Using cached installed version for @storybook/experimental-addon-test...
[23:59:03.590] [INFO] detect-projects-spinner: Detecting projects: 11 projects
[23:59:03.590] [DEBUG] Getting Storybook data...
[23:59:03.590] [DEBUG] Getting Storybook info...
[23:59:03.591] [DEBUG] Loading main config...
[23:59:03.592] [DEBUG] Getting package manager...
[23:59:04.507] [DEBUG] Getting Storybook version...
[23:59:04.510] [DEBUG] C:/Users/bryan/new111/web-sdk/packages/components-shared/.storybook - Validating before version... 9.0.15
[23:59:04.511] [DEBUG] C:/Users/bryan/new111/web-sdk/packages/components-shared/.storybook - Validating upgrade compatibility...
[23:59:04.511] [DEBUG] C:/Users/bryan/new111/web-sdk/packages/components-shared/.storybook - Fetching NPM version information...
[23:59:04.511] [DEBUG] Using cached version for storybook...
[23:59:04.511] [DEBUG] Using cached version for storybook@next...
[23:59:04.511] [DEBUG] C:/Users/bryan/new111/web-sdk/packages/components-shared/.storybook - Evaluating blockers...
[23:59:04.514] [DEBUG] Using cached installed version for @storybook/experimental-addon-test...
[23:59:04.514] [INFO] detect-projects-spinner: Detecting projects: 12 projects
[23:59:04.514] [DEBUG] Getting Storybook data...
[23:59:04.514] [DEBUG] Getting Storybook info...
[23:59:04.514] [DEBUG] Loading main config...
[23:59:04.516] [DEBUG] Getting package manager...
[23:59:05.362] [DEBUG] Getting Storybook version...
[23:59:05.364] [DEBUG] C:/Users/bryan/new111/web-sdk/packages/components-pixi/.storybook - Validating before version... 9.0.15
[23:59:05.364] [DEBUG] C:/Users/bryan/new111/web-sdk/packages/components-pixi/.storybook - Validating upgrade compatibility...
[23:59:05.364] [DEBUG] C:/Users/bryan/new111/web-sdk/packages/components-pixi/.storybook - Fetching NPM version information...
[23:59:05.364] [DEBUG] Using cached version for storybook...
[23:59:05.364] [DEBUG] Using cached version for storybook@next...
[23:59:05.364] [DEBUG] C:/Users/bryan/new111/web-sdk/packages/components-pixi/.storybook - Evaluating blockers...
[23:59:05.367] [DEBUG] Using cached installed version for @storybook/experimental-addon-test...
[23:59:05.367] [INFO] detect-projects-spinner: Detecting projects: 13 projects
[23:59:05.367] [DEBUG] Getting Storybook data...
[23:59:05.367] [DEBUG] Getting Storybook info...
[23:59:05.367] [DEBUG] Loading main config...
[23:59:05.368] [DEBUG] Getting package manager...
[23:59:06.211] [DEBUG] Getting Storybook version...
[23:59:06.214] [DEBUG] C:/Users/bryan/new111/web-sdk/apps/surge/.storybook - Validating before version... 9.0.15
[23:59:06.214] [DEBUG] C:/Users/bryan/new111/web-sdk/apps/surge/.storybook - Validating upgrade compatibility...
[23:59:06.214] [DEBUG] C:/Users/bryan/new111/web-sdk/apps/surge/.storybook - Fetching NPM version information...
[23:59:06.214] [DEBUG] Using cached version for storybook...
[23:59:06.214] [DEBUG] Using cached version for storybook@next...
[23:59:06.214] [DEBUG] C:/Users/bryan/new111/web-sdk/apps/surge/.storybook - Evaluating blockers...
[23:59:06.216] [DEBUG] Using cached installed version for @storybook/experimental-addon-test...
[23:59:06.216] [INFO] detect-projects-spinner: Detecting projects: 14 projects
[23:59:06.217] [DEBUG] Getting Storybook data...
[23:59:06.217] [DEBUG] Getting Storybook info...
[23:59:06.217] [DEBUG] Loading main config...
[23:59:06.228] [DEBUG] Getting stories paths...
[23:59:06.233] [DEBUG] Getting stories paths...
[23:59:06.238] [DEBUG] Getting stories paths...
[23:59:06.242] [DEBUG] Getting stories paths...
[23:59:06.246] [DEBUG] Getting package manager...
[23:59:07.080] [DEBUG] Getting Storybook version...
[23:59:07.082] [DEBUG] C:/Users/bryan/new111/web-sdk/packages/components-storybook/.storybook - Validating before version... 9.0.15
[23:59:07.082] [DEBUG] C:/Users/bryan/new111/web-sdk/packages/components-storybook/.storybook - Validating upgrade compatibility...
[23:59:07.082] [DEBUG] C:/Users/bryan/new111/web-sdk/packages/components-storybook/.storybook - Fetching NPM version information...
[23:59:07.082] [DEBUG] Using cached version for storybook...
[23:59:07.082] [DEBUG] Using cached version for storybook@next...
[23:59:07.082] [DEBUG] C:/Users/bryan/new111/web-sdk/packages/components-storybook/.storybook - Evaluating blockers...
[23:59:07.084] [DEBUG] Using cached installed version for @storybook/experimental-addon-test...
[23:59:07.085] [DEBUG] Getting package manager...
[23:59:07.935] [DEBUG] Getting Storybook version...
[23:59:07.937] [DEBUG] C:/Users/bryan/new111/web-sdk/packages/pixi-svelte-storybook/.storybook - Validating before version... 9.0.15
[23:59:07.937] [DEBUG] C:/Users/bryan/new111/web-sdk/packages/pixi-svelte-storybook/.storybook - Validating upgrade compatibility...
[23:59:07.937] [DEBUG] C:/Users/bryan/new111/web-sdk/packages/pixi-svelte-storybook/.storybook - Fetching NPM version information...
[23:59:07.937] [DEBUG] Using cached version for storybook...
[23:59:07.937] [DEBUG] Using cached version for storybook@next...
[23:59:07.937] [DEBUG] C:/Users/bryan/new111/web-sdk/packages/pixi-svelte-storybook/.storybook - Evaluating blockers...
[23:59:07.939] [DEBUG] Using cached installed version for @storybook/experimental-addon-test...
[23:59:07.939] [DEBUG] Getting package manager...
[23:59:08.774] [DEBUG] Getting Storybook version...
[23:59:08.776] [DEBUG] C:/Users/bryan/new111/web-sdk/packages/components-ui-html/.storybook - Validating before version... 9.0.15
[23:59:08.776] [DEBUG] C:/Users/bryan/new111/web-sdk/packages/components-ui-html/.storybook - Validating upgrade compatibility...
[23:59:08.776] [DEBUG] C:/Users/bryan/new111/web-sdk/packages/components-ui-html/.storybook - Fetching NPM version information...
[23:59:08.776] [DEBUG] Using cached version for storybook...
[23:59:08.776] [DEBUG] Using cached version for storybook@next...
[23:59:08.776] [DEBUG] C:/Users/bryan/new111/web-sdk/packages/components-ui-html/.storybook - Evaluating blockers...
[23:59:08.779] [DEBUG] Using cached installed version for @storybook/experimental-addon-test...
[23:59:08.787] [DEBUG] Getting package manager...
[23:59:09.658] [DEBUG] Getting Storybook version...
[23:59:09.660] [DEBUG] C:/Users/bryan/new111/web-sdk/packages/components-ui-pixi/.storybook - Validating before version... 9.0.15
[23:59:09.660] [DEBUG] C:/Users/bryan/new111/web-sdk/packages/components-ui-pixi/.storybook - Validating upgrade compatibility...
[23:59:09.660] [DEBUG] C:/Users/bryan/new111/web-sdk/packages/components-ui-pixi/.storybook - Fetching NPM version information...
[23:59:09.660] [DEBUG] Using cached version for storybook...
[23:59:09.660] [DEBUG] Using cached version for storybook@next...
[23:59:09.660] [DEBUG] C:/Users/bryan/new111/web-sdk/packages/components-ui-pixi/.storybook - Evaluating blockers...
[23:59:09.662] [DEBUG] Using cached installed version for @storybook/experimental-addon-test...
[23:59:09.662] [INFO] detect-projects-spinner-stop: 14 projects detected
[23:59:09.664] [DEBUG] Found 14 valid projects and 0 error projects
[00:00:15.433] [PROMPT] Select which projects to upgrade {"choice":["C:/Users/bryan/new111/web-sdk/apps/cluster/.storybook","C:/Users/bryan/new111/web-sdk/apps/number-picker/.storybook","C:/Users/bryan/new111/web-sdk/apps/lines/.storybook","C:/Users/bryan/new111/web-sdk/apps/price/.storybook","C:/Users/bryan/new111/web-sdk/apps/scatter/.storybook","C:/Users/bryan/new111/web-sdk/apps/ways/.storybook","C:/Users/bryan/new111/web-sdk/apps/surge/.storybook","C:/Users/bryan/new111/web-sdk/packages/components-layout/.storybook","C:/Users/bryan/new111/web-sdk/packages/components-shared/.storybook","C:/Users/bryan/new111/web-sdk/packages/components-pixi/.storybook","C:/Users/bryan/new111/web-sdk/packages/components-ui-html/.storybook","C:/Users/bryan/new111/web-sdk/packages/components-storybook/.storybook","C:/Users/bryan/new111/web-sdk/packages/components-ui-pixi/.storybook","C:/Users/bryan/new111/web-sdk/packages/pixi-svelte-storybook/.storybook"]}
[00:00:15.433] [INFO] Upgrading the following projects:
          C:/Users/bryan/new111/web-sdk/apps/cluster/.storybook: 9.0.15 -> 9.1.10
C:/Users/bryan/new111/web-sdk/apps/number-picker/.storybook: 9.0.15 -> 9.1.10
C:/Users/bryan/new111/web-sdk/apps/lines/.storybook: 9.0.15 -> 9.1.10
C:/Users/bryan/new111/web-sdk/apps/price/.storybook: 9.0.15 -> 9.1.10
C:/Users/bryan/new111/web-sdk/apps/scatter/.storybook: 9.0.15 -> 9.1.10
C:/Users/bryan/new111/web-sdk/apps/ways/.storybook: 9.0.15 -> 9.1.10
C:/Users/bryan/new111/web-sdk/apps/surge/.storybook: 9.0.15 -> 9.1.10
C:/Users/bryan/new111/web-sdk/packages/components-layout/.storybook: 9.0.15 -> 9.1.10
C:/Users/bryan/new111/web-sdk/packages/components-shared/.storybook: 9.0.15 -> 9.1.10
C:/Users/bryan/new111/web-sdk/packages/components-pixi/.storybook: 9.0.15 -> 9.1.10
C:/Users/bryan/new111/web-sdk/packages/components-ui-html/.storybook: 9.0.15 -> 9.1.10
C:/Users/bryan/new111/web-sdk/packages/components-storybook/.storybook: 9.0.15 -> 9.1.10
C:/Users/bryan/new111/web-sdk/packages/components-ui-pixi/.storybook: 9.0.15 -> 9.1.10
C:/Users/bryan/new111/web-sdk/packages/pixi-svelte-storybook/.storybook: 9.0.15 -> 9.1.10
[00:00:15.493] [INFO] upgrade-dependencies-task-start: Fetching versions to update package.json files..
[00:00:15.493] [DEBUG] Updating dependencies in C:/Users/bryan/new111/web-sdk/apps/cluster/.storybook...
[00:00:15.549] [INFO] upgrade-dependencies-task: \apps\cluster\package.json
\package.json
[00:00:15.550] [DEBUG] Getting CLI versions from NPM for @storybook/addon-svelte-csf...
[00:00:16.694] [DEBUG] {
  "upgradedDependencies": []
}
[00:00:16.694] [DEBUG] {
  "upgradedDevDependencies": [
    "@storybook/addon-svelte-csf@5.0.10"
  ]
}
[00:00:16.694] [DEBUG] {
  "upgradedPeerDependencies": []
}
[00:00:16.701] [DEBUG] Using cached version for @storybook/addon-svelte-csf...
[00:00:16.704] [DEBUG] {
  "upgradedDependencies": []
}
[00:00:16.704] [DEBUG] {
  "upgradedDevDependencies": []
}
[00:00:16.704] [DEBUG] {
  "upgradedPeerDependencies": []
}
[00:00:16.706] [DEBUG] Updating dependencies in C:/Users/bryan/new111/web-sdk/apps/number-picker/.storybook...
[00:00:16.765] [INFO] upgrade-dependencies-task: \apps\number-picker\package.json
[00:00:16.767] [DEBUG] Using cached version for @storybook/addon-svelte-csf...
[00:00:16.767] [DEBUG] {
  "upgradedDependencies": []
}
[00:00:16.767] [DEBUG] {
  "upgradedDevDependencies": [
    "@storybook/addon-svelte-csf@5.0.10"
  ]
}
[00:00:16.767] [DEBUG] {
  "upgradedPeerDependencies": []
}
[00:00:16.768] [DEBUG] Using cached version for @storybook/addon-svelte-csf...
[00:00:16.770] [DEBUG] {
  "upgradedDependencies": []
}
[00:00:16.770] [DEBUG] {
  "upgradedDevDependencies": []
}
[00:00:16.770] [DEBUG] {
  "upgradedPeerDependencies": []
}
[00:00:16.773] [DEBUG] Updating dependencies in C:/Users/bryan/new111/web-sdk/apps/lines/.storybook...
[00:00:16.847] [INFO] upgrade-dependencies-task: \apps\lines\package.json
[00:00:16.848] [DEBUG] Using cached version for @storybook/addon-svelte-csf...
[00:00:16.848] [DEBUG] {
  "upgradedDependencies": []
}
[00:00:16.848] [DEBUG] {
  "upgradedDevDependencies": [
    "@storybook/addon-svelte-csf@5.0.10"
  ]
}
[00:00:16.848] [DEBUG] {
  "upgradedPeerDependencies": []
}
[00:00:16.850] [DEBUG] Using cached version for @storybook/addon-svelte-csf...
[00:00:16.852] [DEBUG] {
  "upgradedDependencies": []
}
[00:00:16.852] [DEBUG] {
  "upgradedDevDependencies": []
}
[00:00:16.852] [DEBUG] {
  "upgradedPeerDependencies": []
}
[00:00:16.856] [DEBUG] Updating dependencies in C:/Users/bryan/new111/web-sdk/apps/price/.storybook...
[00:00:16.999] [INFO] upgrade-dependencies-task: \apps\price\package.json
[00:00:17.003] [DEBUG] Using cached version for @storybook/addon-svelte-csf...
[00:00:17.003] [DEBUG] {
  "upgradedDependencies": []
}
[00:00:17.003] [DEBUG] {
  "upgradedDevDependencies": [
    "@storybook/addon-svelte-csf@5.0.10"
  ]
}
[00:00:17.003] [DEBUG] {
  "upgradedPeerDependencies": []
}
[00:00:17.005] [DEBUG] Using cached version for @storybook/addon-svelte-csf...
[00:00:17.007] [DEBUG] {
  "upgradedDependencies": []
}
[00:00:17.007] [DEBUG] {
  "upgradedDevDependencies": []
}
[00:00:17.007] [DEBUG] {
  "upgradedPeerDependencies": []
}
[00:00:17.010] [DEBUG] Updating dependencies in C:/Users/bryan/new111/web-sdk/apps/scatter/.storybook...
[00:00:17.140] [INFO] upgrade-dependencies-task: \apps\scatter\package.json
[00:00:17.145] [DEBUG] Using cached version for @storybook/addon-svelte-csf...
[00:00:17.145] [DEBUG] {
  "upgradedDependencies": []
}
[00:00:17.145] [DEBUG] {
  "upgradedDevDependencies": [
    "@storybook/addon-svelte-csf@5.0.10"
  ]
}
[00:00:17.145] [DEBUG] {
  "upgradedPeerDependencies": []
}
[00:00:17.147] [DEBUG] Using cached version for @storybook/addon-svelte-csf...
[00:00:17.148] [DEBUG] {
  "upgradedDependencies": []
}
[00:00:17.148] [DEBUG] {
  "upgradedDevDependencies": []
}
[00:00:17.148] [DEBUG] {
  "upgradedPeerDependencies": []
}
[00:00:17.151] [DEBUG] Updating dependencies in C:/Users/bryan/new111/web-sdk/apps/ways/.storybook...
[00:00:17.305] [INFO] upgrade-dependencies-task: \apps\ways\package.json
[00:00:17.306] [DEBUG] Using cached version for @storybook/addon-svelte-csf...
[00:00:17.306] [DEBUG] {
  "upgradedDependencies": []
}
[00:00:17.306] [DEBUG] {
  "upgradedDevDependencies": [
    "@storybook/addon-svelte-csf@5.0.10"
  ]
}
[00:00:17.306] [DEBUG] {
  "upgradedPeerDependencies": []
}
[00:00:17.310] [DEBUG] Using cached version for @storybook/addon-svelte-csf...
[00:00:17.313] [DEBUG] {
  "upgradedDependencies": []
}
[00:00:17.313] [DEBUG] {
  "upgradedDevDependencies": []
}
[00:00:17.313] [DEBUG] {
  "upgradedPeerDependencies": []
}
[00:00:17.315] [DEBUG] Updating dependencies in C:/Users/bryan/new111/web-sdk/apps/surge/.storybook...
[00:00:17.439] [INFO] upgrade-dependencies-task: \apps\surge\package.json
[00:00:17.440] [DEBUG] Using cached version for @storybook/addon-svelte-csf...
[00:00:17.441] [DEBUG] {
  "upgradedDependencies": []
}
[00:00:17.441] [DEBUG] {
  "upgradedDevDependencies": [
    "@storybook/addon-svelte-csf@5.0.10"
  ]
}
[00:00:17.441] [DEBUG] {
  "upgradedPeerDependencies": []
}
[00:00:17.442] [DEBUG] Using cached version for @storybook/addon-svelte-csf...
[00:00:17.444] [DEBUG] {
  "upgradedDependencies": []
}
[00:00:17.444] [DEBUG] {
  "upgradedDevDependencies": []
}
[00:00:17.444] [DEBUG] {
  "upgradedPeerDependencies": []
}
[00:00:17.447] [DEBUG] Updating dependencies in C:/Users/bryan/new111/web-sdk/packages/components-layout/.storybook...
[00:00:17.584] [INFO] upgrade-dependencies-task: \packages\components-layout\package.json
[00:00:17.586] [DEBUG] Using cached version for @storybook/addon-svelte-csf...
[00:00:17.586] [DEBUG] {
  "upgradedDependencies": []
}
[00:00:17.586] [DEBUG] {
  "upgradedDevDependencies": [
    "@storybook/addon-svelte-csf@5.0.10"
  ]
}
[00:00:17.586] [DEBUG] {
  "upgradedPeerDependencies": []
}
[00:00:17.587] [DEBUG] Using cached version for @storybook/addon-svelte-csf...
[00:00:17.603] [DEBUG] {
  "upgradedDependencies": []
}
[00:00:17.603] [DEBUG] {
  "upgradedDevDependencies": []
}
[00:00:17.603] [DEBUG] {
  "upgradedPeerDependencies": []
}
[00:00:17.607] [DEBUG] Updating dependencies in C:/Users/bryan/new111/web-sdk/packages/components-shared/.storybook...
[00:00:17.732] [INFO] upgrade-dependencies-task: \packages\components-shared\package.json
[00:00:17.736] [DEBUG] Using cached version for @storybook/addon-svelte-csf...
[00:00:17.736] [DEBUG] {
  "upgradedDependencies": []
}
[00:00:17.736] [DEBUG] {
  "upgradedDevDependencies": [
    "@storybook/addon-svelte-csf@5.0.10"
  ]
}
[00:00:17.736] [DEBUG] {
  "upgradedPeerDependencies": []
}
[00:00:17.738] [DEBUG] Using cached version for @storybook/addon-svelte-csf...
[00:00:17.759] [DEBUG] {
  "upgradedDependencies": []
}
[00:00:17.759] [DEBUG] {
  "upgradedDevDependencies": []
}
[00:00:17.759] [DEBUG] {
  "upgradedPeerDependencies": []
}
[00:00:17.761] [DEBUG] Updating dependencies in C:/Users/bryan/new111/web-sdk/packages/components-pixi/.storybook...
[00:00:17.892] [INFO] upgrade-dependencies-task: \packages\components-pixi\package.json
[00:00:17.894] [DEBUG] Using cached version for @storybook/addon-svelte-csf...
[00:00:17.894] [DEBUG] {
  "upgradedDependencies": []
}
[00:00:17.894] [DEBUG] {
  "upgradedDevDependencies": [
    "@storybook/addon-svelte-csf@5.0.10"
  ]
}
[00:00:17.894] [DEBUG] {
  "upgradedPeerDependencies": []
}
[00:00:17.896] [DEBUG] Using cached version for @storybook/addon-svelte-csf...
[00:00:17.915] [DEBUG] {
  "upgradedDependencies": []
}
[00:00:17.915] [DEBUG] {
  "upgradedDevDependencies": []
}
[00:00:17.915] [DEBUG] {
  "upgradedPeerDependencies": []
}
[00:00:17.917] [DEBUG] Updating dependencies in C:/Users/bryan/new111/web-sdk/packages/components-ui-html/.storybook...
[00:00:18.045] [INFO] upgrade-dependencies-task: \packages\components-ui-html\package.json
[00:00:18.048] [DEBUG] Using cached version for @storybook/addon-svelte-csf...
[00:00:18.048] [DEBUG] {
  "upgradedDependencies": []
}
[00:00:18.048] [DEBUG] {
  "upgradedDevDependencies": [
    "@storybook/addon-svelte-csf@5.0.10"
  ]
}
[00:00:18.048] [DEBUG] {
  "upgradedPeerDependencies": []
}
[00:00:18.049] [DEBUG] Using cached version for @storybook/addon-svelte-csf...
[00:00:18.068] [DEBUG] {
  "upgradedDependencies": []
}
[00:00:18.068] [DEBUG] {
  "upgradedDevDependencies": []
}
[00:00:18.068] [DEBUG] {
  "upgradedPeerDependencies": []
}
[00:00:18.071] [DEBUG] Updating dependencies in C:/Users/bryan/new111/web-sdk/packages/components-storybook/.storybook...
[00:00:18.206] [INFO] upgrade-dependencies-task: \packages\components-storybook\package.json
[00:00:18.208] [DEBUG] Getting CLI versions from NPM for @chromatic-com/storybook...
[00:00:18.224] [DEBUG] Using cached version for @storybook/addon-svelte-csf...
[00:00:21.276] [DEBUG] {
  "upgradedDependencies": [
    "@storybook/addon-docs@9.1.10",
    "storybook@9.1.10",
    "@storybook/builder-vite@9.1.10",
    "@storybook/svelte@9.1.10",
    "@storybook/sveltekit@9.1.10",
    "@chromatic-com/storybook@4.1.1",
    "@storybook/addon-svelte-csf@5.0.10"
  ]
}
[00:00:21.277] [DEBUG] {
  "upgradedDevDependencies": []
}
[00:00:21.277] [DEBUG] {
  "upgradedPeerDependencies": []
}
[00:00:21.277] [DEBUG] Getting CLI versions from NPM for @storybook/addon-docs...
[00:00:25.523] [DEBUG] Using cached version for storybook...
[00:00:25.523] [DEBUG] Getting CLI versions from NPM for @storybook/builder-vite...
[00:00:28.598] [DEBUG] Getting CLI versions from NPM for @storybook/svelte...
[00:00:32.257] [DEBUG] Getting CLI versions from NPM for @storybook/sveltekit...
[00:00:33.464] [DEBUG] Using cached version for @chromatic-com/storybook...
[00:00:33.464] [DEBUG] Using cached version for @storybook/addon-svelte-csf...
[00:00:33.481] [DEBUG] {
  "upgradedDependencies": []
}
[00:00:33.481] [DEBUG] {
  "upgradedDevDependencies": []
}
[00:00:33.481] [DEBUG] {
  "upgradedPeerDependencies": []
}
[00:00:33.484] [DEBUG] Updating dependencies in C:/Users/bryan/new111/web-sdk/packages/components-ui-pixi/.storybook...
[00:00:33.557] [INFO] upgrade-dependencies-task: \packages\components-ui-pixi\package.json
[00:00:33.561] [DEBUG] Using cached version for @storybook/addon-svelte-csf...
[00:00:33.562] [DEBUG] {
  "upgradedDependencies": []
}
[00:00:33.562] [DEBUG] {
  "upgradedDevDependencies": [
    "@storybook/addon-svelte-csf@5.0.10"
  ]
}
[00:00:33.562] [DEBUG] {
  "upgradedPeerDependencies": []
}
[00:00:33.563] [DEBUG] Using cached version for @storybook/addon-svelte-csf...
[00:00:33.582] [DEBUG] {
  "upgradedDependencies": []
}
[00:00:33.582] [DEBUG] {
  "upgradedDevDependencies": []
}
[00:00:33.583] [DEBUG] {
  "upgradedPeerDependencies": []
}
[00:00:33.585] [DEBUG] Updating dependencies in C:/Users/bryan/new111/web-sdk/packages/pixi-svelte-storybook/.storybook...
[00:00:33.718] [INFO] upgrade-dependencies-task: \packages\pixi-svelte-storybook\package.json
[00:00:33.721] [DEBUG] Using cached version for @chromatic-com/storybook...
[00:00:33.721] [DEBUG] Using cached version for @storybook/addon-svelte-csf...
[00:00:33.721] [DEBUG] {
  "upgradedDependencies": [
    "@storybook/addon-docs@9.1.10",
    "storybook@9.1.10",
    "@storybook/builder-vite@9.1.10",
    "@storybook/svelte@9.1.10",
    "@storybook/sveltekit@9.1.10",
    "@chromatic-com/storybook@4.1.1",
    "@storybook/addon-svelte-csf@5.0.10"
  ]
}
[00:00:33.721] [DEBUG] {
  "upgradedDevDependencies": []
}
[00:00:33.721] [DEBUG] {
  "upgradedPeerDependencies": []
}
[00:00:33.721] [DEBUG] Using cached version for @storybook/addon-docs...
[00:00:33.722] [DEBUG] Using cached version for storybook...
[00:00:33.722] [DEBUG] Using cached version for @storybook/builder-vite...
[00:00:33.722] [DEBUG] Using cached version for @storybook/svelte...
[00:00:33.722] [DEBUG] Using cached version for @storybook/sveltekit...
[00:00:33.722] [DEBUG] Using cached version for @chromatic-com/storybook...
[00:00:33.722] [DEBUG] Using cached version for @storybook/addon-svelte-csf...
[00:00:33.725] [DEBUG] {
  "upgradedDependencies": []
}
[00:00:33.725] [DEBUG] {
  "upgradedDevDependencies": []
}
[00:00:33.725] [DEBUG] {
  "upgradedPeerDependencies": []
}
[00:00:33.727] [INFO] upgrade-dependencies-task-success: Updated package versions in package.json files
[00:00:33.737] [INFO] detect-automigrations-task-start: Detecting automigrations for 14 projects...
[00:00:33.738] [DEBUG] Starting automigration collection across 14 projects and 16 fixes...
[00:00:33.855] [INFO] detect-automigrations-task: Checking automigrations for
C:/Users/bryan/new111/web-sdk/apps/cluster/.storybook...
[00:00:33.856] [DEBUG] Processing project: C:/Users/bryan/new111/web-sdk/apps/cluster/.storybook
[00:00:33.856] [DEBUG] Checking fix eslintPlugin for project C:/Users/bryan/new111/web-sdk/apps/cluster/.storybook...
[00:00:33.883] [DEBUG] Checking fix addon-mdx-gfm-remove for project C:/Users/bryan/new111/web-sdk/apps/cluster/.storybook...
[00:00:33.885] [DEBUG] Checking fix addon-storysource-code-panel for project C:/Users/bryan/new111/web-sdk/apps/cluster/.storybook...
[00:00:33.885] [DEBUG] Checking fix upgrade-storybook-related-dependencies for project C:/Users/bryan/new111/web-sdk/apps/cluster/.storybook...
[00:00:33.885] [DEBUG] Checking for incompatible storybook packages...
[00:00:33.894] [DEBUG] Skipping components-storybook as it does not have a valid version type: workspace:*
[00:00:33.894] [DEBUG] Skipping config-storybook as it does not have a valid version type: workspace:*
[00:00:33.894] [DEBUG] Checking fix initial-globals for project C:/Users/bryan/new111/web-sdk/apps/cluster/.storybook...
[00:00:33.937] [WARN] CSF Parsing error: Expected 'ObjectExpression' but found 'undefined' instead in 'Identifier'.
[00:00:33.938] [DEBUG] Checking fix addon-globals-api for project C:/Users/bryan/new111/web-sdk/apps/cluster/.storybook...
[00:00:33.944] [WARN] CSF Parsing error: Expected 'ObjectExpression' but found 'undefined' instead in 'Identifier'.
[00:00:33.944] [DEBUG] Checking fix addon-a11y-addon-test for project C:/Users/bryan/new111/web-sdk/apps/cluster/.storybook...
[00:00:33.945] [DEBUG] Checking fix consolidated-imports for project C:/Users/bryan/new111/web-sdk/apps/cluster/.storybook...
[00:00:33.946] [DEBUG] Checking fix addon-experimental-test for project C:/Users/bryan/new111/web-sdk/apps/cluster/.storybook...
[00:00:33.946] [DEBUG] Using cached installed version for @storybook/experimental-addon-test...
[00:00:33.946] [DEBUG] Checking fix rnstorybook-config for project C:/Users/bryan/new111/web-sdk/apps/cluster/.storybook...
[00:00:33.947] [DEBUG] Checking fix remove-addon-interactions for project C:/Users/bryan/new111/web-sdk/apps/cluster/.storybook...
[00:00:33.948] [DEBUG] Checking fix renderer-to-framework for project C:/Users/bryan/new111/web-sdk/apps/cluster/.storybook...
[00:00:33.951] [DEBUG] Checking fix remove-essential-addons for project C:/Users/bryan/new111/web-sdk/apps/cluster/.storybook...
[00:00:33.951] [DEBUG] Checking fix addon-a11y-parameters for project C:/Users/bryan/new111/web-sdk/apps/cluster/.storybook...
[00:00:33.952] [DEBUG] Checking fix remove-docs-autodocs for project C:/Users/bryan/new111/web-sdk/apps/cluster/.storybook...
[00:00:33.958] [DEBUG] Checking fix wrap-require for project C:/Users/bryan/new111/web-sdk/apps/cluster/.storybook...
[00:00:34.101] [INFO] detect-automigrations-task: Checking automigrations for
C:/Users/bryan/new111/web-sdk/apps/number-picker/.storybook...
[00:00:34.105] [DEBUG] Processing project: C:/Users/bryan/new111/web-sdk/apps/number-picker/.storybook
[00:00:34.105] [DEBUG] Checking fix eslintPlugin for project C:/Users/bryan/new111/web-sdk/apps/number-picker/.storybook...
[00:00:34.127] [DEBUG] Checking fix addon-mdx-gfm-remove for project C:/Users/bryan/new111/web-sdk/apps/number-picker/.storybook...
[00:00:34.127] [DEBUG] Checking fix addon-storysource-code-panel for project C:/Users/bryan/new111/web-sdk/apps/number-picker/.storybook...
[00:00:34.127] [DEBUG] Checking fix upgrade-storybook-related-dependencies for project C:/Users/bryan/new111/web-sdk/apps/number-picker/.storybook...
[00:00:34.127] [DEBUG] Checking for incompatible storybook packages...
[00:00:34.132] [DEBUG] Skipping components-storybook as it does not have a valid version type: workspace:*
[00:00:34.132] [DEBUG] Skipping config-storybook as it does not have a valid version type: workspace:*
[00:00:34.132] [DEBUG] Checking fix initial-globals for project C:/Users/bryan/new111/web-sdk/apps/number-picker/.storybook...
[00:00:34.136] [WARN] CSF Parsing error: Expected 'ObjectExpression' but found 'undefined' instead in 'Identifier'.
[00:00:34.140] [DEBUG] Checking fix addon-globals-api for project C:/Users/bryan/new111/web-sdk/apps/number-picker/.storybook...
[00:00:34.144] [WARN] CSF Parsing error: Expected 'ObjectExpression' but found 'undefined' instead in 'Identifier'.
[00:00:34.161] [DEBUG] Checking fix addon-a11y-addon-test for project C:/Users/bryan/new111/web-sdk/apps/number-picker/.storybook...
[00:00:34.161] [DEBUG] Checking fix consolidated-imports for project C:/Users/bryan/new111/web-sdk/apps/number-picker/.storybook...
[00:00:34.163] [DEBUG] Checking fix addon-experimental-test for project C:/Users/bryan/new111/web-sdk/apps/number-picker/.storybook...
[00:00:34.163] [DEBUG] Using cached installed version for @storybook/experimental-addon-test...
[00:00:34.163] [DEBUG] Checking fix rnstorybook-config for project C:/Users/bryan/new111/web-sdk/apps/number-picker/.storybook...
[00:00:34.164] [DEBUG] Checking fix remove-addon-interactions for project C:/Users/bryan/new111/web-sdk/apps/number-picker/.storybook...
[00:00:34.164] [DEBUG] Checking fix renderer-to-framework for project C:/Users/bryan/new111/web-sdk/apps/number-picker/.storybook...
[00:00:34.165] [DEBUG] Checking fix remove-essential-addons for project C:/Users/bryan/new111/web-sdk/apps/number-picker/.storybook...
[00:00:34.166] [DEBUG] Checking fix addon-a11y-parameters for project C:/Users/bryan/new111/web-sdk/apps/number-picker/.storybook...
[00:00:34.166] [DEBUG] Checking fix remove-docs-autodocs for project C:/Users/bryan/new111/web-sdk/apps/number-picker/.storybook...
[00:00:34.169] [DEBUG] Checking fix wrap-require for project C:/Users/bryan/new111/web-sdk/apps/number-picker/.storybook...
[00:00:34.345] [INFO] detect-automigrations-task: Checking automigrations for
C:/Users/bryan/new111/web-sdk/apps/lines/.storybook...
[00:00:34.348] [DEBUG] Processing project: C:/Users/bryan/new111/web-sdk/apps/lines/.storybook
[00:00:34.348] [DEBUG] Checking fix eslintPlugin for project C:/Users/bryan/new111/web-sdk/apps/lines/.storybook...
[00:00:34.372] [DEBUG] Checking fix addon-mdx-gfm-remove for project C:/Users/bryan/new111/web-sdk/apps/lines/.storybook...
[00:00:34.373] [DEBUG] Checking fix addon-storysource-code-panel for project C:/Users/bryan/new111/web-sdk/apps/lines/.storybook...
[00:00:34.373] [DEBUG] Checking fix upgrade-storybook-related-dependencies for project C:/Users/bryan/new111/web-sdk/apps/lines/.storybook...
[00:00:34.373] [DEBUG] Checking for incompatible storybook packages...
[00:00:34.377] [DEBUG] Skipping components-storybook as it does not have a valid version type: workspace:*
[00:00:34.377] [DEBUG] Skipping config-storybook as it does not have a valid version type: workspace:*
[00:00:34.377] [DEBUG] Checking fix initial-globals for project C:/Users/bryan/new111/web-sdk/apps/lines/.storybook...
[00:00:34.382] [WARN] CSF Parsing error: Expected 'ObjectExpression' but found 'undefined' instead in 'Identifier'.
[00:00:34.391] [DEBUG] Checking fix addon-globals-api for project C:/Users/bryan/new111/web-sdk/apps/lines/.storybook...
[00:00:34.395] [WARN] CSF Parsing error: Expected 'ObjectExpression' but found 'undefined' instead in 'Identifier'.
[00:00:34.397] [DEBUG] Checking fix addon-a11y-addon-test for project C:/Users/bryan/new111/web-sdk/apps/lines/.storybook...
[00:00:34.397] [DEBUG] Checking fix consolidated-imports for project C:/Users/bryan/new111/web-sdk/apps/lines/.storybook...
[00:00:34.397] [DEBUG] Checking fix addon-experimental-test for project C:/Users/bryan/new111/web-sdk/apps/lines/.storybook...
[00:00:34.397] [DEBUG] Using cached installed version for @storybook/experimental-addon-test...
[00:00:34.397] [DEBUG] Checking fix rnstorybook-config for project C:/Users/bryan/new111/web-sdk/apps/lines/.storybook...
[00:00:34.398] [DEBUG] Checking fix remove-addon-interactions for project C:/Users/bryan/new111/web-sdk/apps/lines/.storybook...
[00:00:34.399] [DEBUG] Checking fix renderer-to-framework for project C:/Users/bryan/new111/web-sdk/apps/lines/.storybook...
[00:00:34.401] [DEBUG] Checking fix remove-essential-addons for project C:/Users/bryan/new111/web-sdk/apps/lines/.storybook...
[00:00:34.402] [DEBUG] Checking fix addon-a11y-parameters for project C:/Users/bryan/new111/web-sdk/apps/lines/.storybook...
[00:00:34.402] [DEBUG] Checking fix remove-docs-autodocs for project C:/Users/bryan/new111/web-sdk/apps/lines/.storybook...
[00:00:34.405] [DEBUG] Checking fix wrap-require for project C:/Users/bryan/new111/web-sdk/apps/lines/.storybook...
[00:00:34.561] [INFO] detect-automigrations-task: Checking automigrations for
C:/Users/bryan/new111/web-sdk/apps/price/.storybook...
[00:00:34.562] [DEBUG] Processing project: C:/Users/bryan/new111/web-sdk/apps/price/.storybook
[00:00:34.563] [DEBUG] Checking fix eslintPlugin for project C:/Users/bryan/new111/web-sdk/apps/price/.storybook...
[00:00:34.581] [DEBUG] Checking fix addon-mdx-gfm-remove for project C:/Users/bryan/new111/web-sdk/apps/price/.storybook...
[00:00:34.581] [DEBUG] Checking fix addon-storysource-code-panel for project C:/Users/bryan/new111/web-sdk/apps/price/.storybook...
[00:00:34.581] [DEBUG] Checking fix upgrade-storybook-related-dependencies for project C:/Users/bryan/new111/web-sdk/apps/price/.storybook...
[00:00:34.581] [DEBUG] Checking for incompatible storybook packages...
[00:00:34.586] [DEBUG] Skipping components-storybook as it does not have a valid version type: workspace:*
[00:00:34.586] [DEBUG] Skipping config-storybook as it does not have a valid version type: workspace:*
[00:00:34.586] [DEBUG] Checking fix initial-globals for project C:/Users/bryan/new111/web-sdk/apps/price/.storybook...
[00:00:34.588] [WARN] CSF Parsing error: Expected 'ObjectExpression' but found 'undefined' instead in 'Identifier'.
[00:00:34.590] [DEBUG] Checking fix addon-globals-api for project C:/Users/bryan/new111/web-sdk/apps/price/.storybook...
[00:00:34.592] [WARN] CSF Parsing error: Expected 'ObjectExpression' but found 'undefined' instead in 'Identifier'.
[00:00:34.598] [DEBUG] Checking fix addon-a11y-addon-test for project C:/Users/bryan/new111/web-sdk/apps/price/.storybook...
[00:00:34.598] [DEBUG] Checking fix consolidated-imports for project C:/Users/bryan/new111/web-sdk/apps/price/.storybook...
[00:00:34.599] [DEBUG] Checking fix addon-experimental-test for project C:/Users/bryan/new111/web-sdk/apps/price/.storybook...
[00:00:34.599] [DEBUG] Using cached installed version for @storybook/experimental-addon-test...
[00:00:34.599] [DEBUG] Checking fix rnstorybook-config for project C:/Users/bryan/new111/web-sdk/apps/price/.storybook...
[00:00:34.600] [DEBUG] Checking fix remove-addon-interactions for project C:/Users/bryan/new111/web-sdk/apps/price/.storybook...
[00:00:34.600] [DEBUG] Checking fix renderer-to-framework for project C:/Users/bryan/new111/web-sdk/apps/price/.storybook...
[00:00:34.601] [DEBUG] Checking fix remove-essential-addons for project C:/Users/bryan/new111/web-sdk/apps/price/.storybook...
[00:00:34.602] [DEBUG] Checking fix addon-a11y-parameters for project C:/Users/bryan/new111/web-sdk/apps/price/.storybook...
[00:00:34.602] [DEBUG] Checking fix remove-docs-autodocs for project C:/Users/bryan/new111/web-sdk/apps/price/.storybook...
[00:00:34.604] [DEBUG] Checking fix wrap-require for project C:/Users/bryan/new111/web-sdk/apps/price/.storybook...
[00:00:34.739] [INFO] detect-automigrations-task: Checking automigrations for
C:/Users/bryan/new111/web-sdk/apps/scatter/.storybook...
[00:00:34.740] [DEBUG] Processing project: C:/Users/bryan/new111/web-sdk/apps/scatter/.storybook
[00:00:34.740] [DEBUG] Checking fix eslintPlugin for project C:/Users/bryan/new111/web-sdk/apps/scatter/.storybook...
[00:00:34.759] [DEBUG] Checking fix addon-mdx-gfm-remove for project C:/Users/bryan/new111/web-sdk/apps/scatter/.storybook...
[00:00:34.759] [DEBUG] Checking fix addon-storysource-code-panel for project C:/Users/bryan/new111/web-sdk/apps/scatter/.storybook...
[00:00:34.759] [DEBUG] Checking fix upgrade-storybook-related-dependencies for project C:/Users/bryan/new111/web-sdk/apps/scatter/.storybook...
[00:00:34.759] [DEBUG] Checking for incompatible storybook packages...
[00:00:34.764] [DEBUG] Skipping components-storybook as it does not have a valid version type: workspace:*
[00:00:34.764] [DEBUG] Skipping config-storybook as it does not have a valid version type: workspace:*
[00:00:34.764] [DEBUG] Checking fix initial-globals for project C:/Users/bryan/new111/web-sdk/apps/scatter/.storybook...
[00:00:34.769] [WARN] CSF Parsing error: Expected 'ObjectExpression' but found 'undefined' instead in 'Identifier'.
[00:00:34.773] [DEBUG] Checking fix addon-globals-api for project C:/Users/bryan/new111/web-sdk/apps/scatter/.storybook...
[00:00:34.775] [WARN] CSF Parsing error: Expected 'ObjectExpression' but found 'undefined' instead in 'Identifier'.
[00:00:34.778] [DEBUG] Checking fix addon-a11y-addon-test for project C:/Users/bryan/new111/web-sdk/apps/scatter/.storybook...
[00:00:34.779] [DEBUG] Checking fix consolidated-imports for project C:/Users/bryan/new111/web-sdk/apps/scatter/.storybook...
[00:00:34.780] [DEBUG] Checking fix addon-experimental-test for project C:/Users/bryan/new111/web-sdk/apps/scatter/.storybook...
[00:00:34.780] [DEBUG] Using cached installed version for @storybook/experimental-addon-test...
[00:00:34.780] [DEBUG] Checking fix rnstorybook-config for project C:/Users/bryan/new111/web-sdk/apps/scatter/.storybook...
[00:00:34.781] [DEBUG] Checking fix remove-addon-interactions for project C:/Users/bryan/new111/web-sdk/apps/scatter/.storybook...
[00:00:34.781] [DEBUG] Checking fix renderer-to-framework for project C:/Users/bryan/new111/web-sdk/apps/scatter/.storybook...
[00:00:34.782] [DEBUG] Checking fix remove-essential-addons for project C:/Users/bryan/new111/web-sdk/apps/scatter/.storybook...
[00:00:34.783] [DEBUG] Checking fix addon-a11y-parameters for project C:/Users/bryan/new111/web-sdk/apps/scatter/.storybook...
[00:00:34.783] [DEBUG] Checking fix remove-docs-autodocs for project C:/Users/bryan/new111/web-sdk/apps/scatter/.storybook...
[00:00:34.787] [DEBUG] Checking fix wrap-require for project C:/Users/bryan/new111/web-sdk/apps/scatter/.storybook...
[00:00:35.008] [INFO] detect-automigrations-task: Checking automigrations for
C:/Users/bryan/new111/web-sdk/apps/ways/.storybook...
[00:00:35.012] [DEBUG] Processing project: C:/Users/bryan/new111/web-sdk/apps/ways/.storybook
[00:00:35.012] [DEBUG] Checking fix eslintPlugin for project C:/Users/bryan/new111/web-sdk/apps/ways/.storybook...
[00:00:35.035] [DEBUG] Checking fix addon-mdx-gfm-remove for project C:/Users/bryan/new111/web-sdk/apps/ways/.storybook...
[00:00:35.036] [DEBUG] Checking fix addon-storysource-code-panel for project C:/Users/bryan/new111/web-sdk/apps/ways/.storybook...
[00:00:35.036] [DEBUG] Checking fix upgrade-storybook-related-dependencies for project C:/Users/bryan/new111/web-sdk/apps/ways/.storybook...
[00:00:35.036] [DEBUG] Checking for incompatible storybook packages...
[00:00:35.040] [DEBUG] Skipping components-storybook as it does not have a valid version type: workspace:*
[00:00:35.040] [DEBUG] Skipping config-storybook as it does not have a valid version type: workspace:*
[00:00:35.040] [DEBUG] Checking fix initial-globals for project C:/Users/bryan/new111/web-sdk/apps/ways/.storybook...
[00:00:35.042] [WARN] CSF Parsing error: Expected 'ObjectExpression' but found 'undefined' instead in 'Identifier'.
[00:00:35.049] [DEBUG] Checking fix addon-globals-api for project C:/Users/bryan/new111/web-sdk/apps/ways/.storybook...
[00:00:35.051] [WARN] CSF Parsing error: Expected 'ObjectExpression' but found 'undefined' instead in 'Identifier'.
[00:00:35.060] [DEBUG] Checking fix addon-a11y-addon-test for project C:/Users/bryan/new111/web-sdk/apps/ways/.storybook...
[00:00:35.060] [DEBUG] Checking fix consolidated-imports for project C:/Users/bryan/new111/web-sdk/apps/ways/.storybook...
[00:00:35.061] [DEBUG] Checking fix addon-experimental-test for project C:/Users/bryan/new111/web-sdk/apps/ways/.storybook...
[00:00:35.061] [DEBUG] Using cached installed version for @storybook/experimental-addon-test...
[00:00:35.061] [DEBUG] Checking fix rnstorybook-config for project C:/Users/bryan/new111/web-sdk/apps/ways/.storybook...
[00:00:35.061] [DEBUG] Checking fix remove-addon-interactions for project C:/Users/bryan/new111/web-sdk/apps/ways/.storybook...
[00:00:35.062] [DEBUG] Checking fix renderer-to-framework for project C:/Users/bryan/new111/web-sdk/apps/ways/.storybook...
[00:00:35.063] [DEBUG] Checking fix remove-essential-addons for project C:/Users/bryan/new111/web-sdk/apps/ways/.storybook...
[00:00:35.063] [DEBUG] Checking fix addon-a11y-parameters for project C:/Users/bryan/new111/web-sdk/apps/ways/.storybook...
[00:00:35.063] [DEBUG] Checking fix remove-docs-autodocs for project C:/Users/bryan/new111/web-sdk/apps/ways/.storybook...
[00:00:35.065] [DEBUG] Checking fix wrap-require for project C:/Users/bryan/new111/web-sdk/apps/ways/.storybook...
[00:00:35.278] [INFO] detect-automigrations-task: Checking automigrations for
C:/Users/bryan/new111/web-sdk/apps/surge/.storybook...
[00:00:35.296] [DEBUG] Processing project: C:/Users/bryan/new111/web-sdk/apps/surge/.storybook
[00:00:35.296] [DEBUG] Checking fix eslintPlugin for project C:/Users/bryan/new111/web-sdk/apps/surge/.storybook...
[00:00:35.315] [DEBUG] Checking fix addon-mdx-gfm-remove for project C:/Users/bryan/new111/web-sdk/apps/surge/.storybook...
[00:00:35.316] [DEBUG] Checking fix addon-storysource-code-panel for project C:/Users/bryan/new111/web-sdk/apps/surge/.storybook...
[00:00:35.316] [DEBUG] Checking fix upgrade-storybook-related-dependencies for project C:/Users/bryan/new111/web-sdk/apps/surge/.storybook...
[00:00:35.316] [DEBUG] Checking for incompatible storybook packages...
[00:00:35.321] [DEBUG] Skipping components-storybook as it does not have a valid version type: workspace:*
[00:00:35.321] [DEBUG] Skipping config-storybook as it does not have a valid version type: workspace:*
[00:00:35.321] [DEBUG] Checking fix initial-globals for project C:/Users/bryan/new111/web-sdk/apps/surge/.storybook...
[00:00:35.323] [WARN] CSF Parsing error: Expected 'ObjectExpression' but found 'undefined' instead in 'Identifier'.
[00:00:35.329] [DEBUG] Checking fix addon-globals-api for project C:/Users/bryan/new111/web-sdk/apps/surge/.storybook...
[00:00:35.331] [WARN] CSF Parsing error: Expected 'ObjectExpression' but found 'undefined' instead in 'Identifier'.
[00:00:35.346] [DEBUG] Checking fix addon-a11y-addon-test for project C:/Users/bryan/new111/web-sdk/apps/surge/.storybook...
[00:00:35.346] [DEBUG] Checking fix consolidated-imports for project C:/Users/bryan/new111/web-sdk/apps/surge/.storybook...
[00:00:35.348] [DEBUG] Checking fix addon-experimental-test for project C:/Users/bryan/new111/web-sdk/apps/surge/.storybook...
[00:00:35.348] [DEBUG] Using cached installed version for @storybook/experimental-addon-test...
[00:00:35.348] [DEBUG] Checking fix rnstorybook-config for project C:/Users/bryan/new111/web-sdk/apps/surge/.storybook...
[00:00:35.348] [DEBUG] Checking fix remove-addon-interactions for project C:/Users/bryan/new111/web-sdk/apps/surge/.storybook...
[00:00:35.349] [DEBUG] Checking fix renderer-to-framework for project C:/Users/bryan/new111/web-sdk/apps/surge/.storybook...
[00:00:35.350] [DEBUG] Checking fix remove-essential-addons for project C:/Users/bryan/new111/web-sdk/apps/surge/.storybook...
[00:00:35.350] [DEBUG] Checking fix addon-a11y-parameters for project C:/Users/bryan/new111/web-sdk/apps/surge/.storybook...
[00:00:35.350] [DEBUG] Checking fix remove-docs-autodocs for project C:/Users/bryan/new111/web-sdk/apps/surge/.storybook...
[00:00:35.353] [DEBUG] Checking fix wrap-require for project C:/Users/bryan/new111/web-sdk/apps/surge/.storybook...
[00:00:35.591] [INFO] detect-automigrations-task: Checking automigrations for
C:/Users/bryan/new111/web-sdk/packages/components-layout/.storybook...
[00:00:35.603] [DEBUG] Processing project: C:/Users/bryan/new111/web-sdk/packages/components-layout/.storybook
[00:00:35.603] [DEBUG] Checking fix eslintPlugin for project C:/Users/bryan/new111/web-sdk/packages/components-layout/.storybook...
[00:00:35.621] [DEBUG] Checking fix addon-mdx-gfm-remove for project C:/Users/bryan/new111/web-sdk/packages/components-layout/.storybook...
[00:00:35.622] [DEBUG] Checking fix addon-storysource-code-panel for project C:/Users/bryan/new111/web-sdk/packages/components-layout/.storybook...
[00:00:35.622] [DEBUG] Checking fix upgrade-storybook-related-dependencies for project C:/Users/bryan/new111/web-sdk/packages/components-layout/.storybook...
[00:00:35.622] [DEBUG] Checking for incompatible storybook packages...
[00:00:35.624] [DEBUG] Skipping config-storybook as it does not have a valid version type: workspace:*
[00:00:35.624] [DEBUG] Checking fix initial-globals for project C:/Users/bryan/new111/web-sdk/packages/components-layout/.storybook...
[00:00:35.627] [WARN] CSF Parsing error: Expected 'ObjectExpression' but found 'undefined' instead in 'Identifier'.
[00:00:35.646] [DEBUG] Checking fix addon-globals-api for project C:/Users/bryan/new111/web-sdk/packages/components-layout/.storybook...
[00:00:35.648] [WARN] CSF Parsing error: Expected 'ObjectExpression' but found 'undefined' instead in 'Identifier'.
[00:00:35.657] [DEBUG] Checking fix addon-a11y-addon-test for project C:/Users/bryan/new111/web-sdk/packages/components-layout/.storybook...
[00:00:35.658] [DEBUG] Checking fix consolidated-imports for project C:/Users/bryan/new111/web-sdk/packages/components-layout/.storybook...
[00:00:35.658] [DEBUG] Checking fix addon-experimental-test for project C:/Users/bryan/new111/web-sdk/packages/components-layout/.storybook...
[00:00:35.658] [DEBUG] Using cached installed version for @storybook/experimental-addon-test...
[00:00:35.658] [DEBUG] Checking fix rnstorybook-config for project C:/Users/bryan/new111/web-sdk/packages/components-layout/.storybook...
[00:00:35.659] [DEBUG] Checking fix remove-addon-interactions for project C:/Users/bryan/new111/web-sdk/packages/components-layout/.storybook...
[00:00:35.659] [DEBUG] Checking fix renderer-to-framework for project C:/Users/bryan/new111/web-sdk/packages/components-layout/.storybook...
[00:00:35.660] [DEBUG] Checking fix remove-essential-addons for project C:/Users/bryan/new111/web-sdk/packages/components-layout/.storybook...
[00:00:35.660] [DEBUG] Checking fix addon-a11y-parameters for project C:/Users/bryan/new111/web-sdk/packages/components-layout/.storybook...
[00:00:35.660] [DEBUG] Checking fix remove-docs-autodocs for project C:/Users/bryan/new111/web-sdk/packages/components-layout/.storybook...
[00:00:35.662] [DEBUG] Checking fix wrap-require for project C:/Users/bryan/new111/web-sdk/packages/components-layout/.storybook...
[00:00:35.911] [INFO] detect-automigrations-task: Checking automigrations for
C:/Users/bryan/new111/web-sdk/packages/components-shared/.storybook...
[00:00:35.927] [DEBUG] Processing project: C:/Users/bryan/new111/web-sdk/packages/components-shared/.storybook
[00:00:35.927] [DEBUG] Checking fix eslintPlugin for project C:/Users/bryan/new111/web-sdk/packages/components-shared/.storybook...
[00:00:35.945] [DEBUG] Checking fix addon-mdx-gfm-remove for project C:/Users/bryan/new111/web-sdk/packages/components-shared/.storybook...
[00:00:35.945] [DEBUG] Checking fix addon-storysource-code-panel for project C:/Users/bryan/new111/web-sdk/packages/components-shared/.storybook...
[00:00:35.945] [DEBUG] Checking fix upgrade-storybook-related-dependencies for project C:/Users/bryan/new111/web-sdk/packages/components-shared/.storybook...
[00:00:35.945] [DEBUG] Checking for incompatible storybook packages...
[00:00:35.948] [DEBUG] Skipping config-storybook as it does not have a valid version type: workspace:*
[00:00:35.949] [DEBUG] Checking fix initial-globals for project C:/Users/bryan/new111/web-sdk/packages/components-shared/.storybook...
[00:00:35.952] [WARN] CSF Parsing error: Expected 'ObjectExpression' but found 'undefined' instead in 'Identifier'.
[00:00:35.954] [DEBUG] Checking fix addon-globals-api for project C:/Users/bryan/new111/web-sdk/packages/components-shared/.storybook...
[00:00:35.958] [WARN] CSF Parsing error: Expected 'ObjectExpression' but found 'undefined' instead in 'Identifier'.
[00:00:35.966] [DEBUG] Checking fix addon-a11y-addon-test for project C:/Users/bryan/new111/web-sdk/packages/components-shared/.storybook...
[00:00:35.966] [DEBUG] Checking fix consolidated-imports for project C:/Users/bryan/new111/web-sdk/packages/components-shared/.storybook...
[00:00:35.967] [DEBUG] Checking fix addon-experimental-test for project C:/Users/bryan/new111/web-sdk/packages/components-shared/.storybook...
[00:00:35.967] [DEBUG] Using cached installed version for @storybook/experimental-addon-test...
[00:00:35.967] [DEBUG] Checking fix rnstorybook-config for project C:/Users/bryan/new111/web-sdk/packages/components-shared/.storybook...
[00:00:35.968] [DEBUG] Checking fix remove-addon-interactions for project C:/Users/bryan/new111/web-sdk/packages/components-shared/.storybook...
[00:00:35.969] [DEBUG] Checking fix renderer-to-framework for project C:/Users/bryan/new111/web-sdk/packages/components-shared/.storybook...
[00:00:35.970] [DEBUG] Checking fix remove-essential-addons for project C:/Users/bryan/new111/web-sdk/packages/components-shared/.storybook...
[00:00:35.970] [DEBUG] Checking fix addon-a11y-parameters for project C:/Users/bryan/new111/web-sdk/packages/components-shared/.storybook...
[00:00:35.970] [DEBUG] Checking fix remove-docs-autodocs for project C:/Users/bryan/new111/web-sdk/packages/components-shared/.storybook...
[00:00:35.972] [DEBUG] Checking fix wrap-require for project C:/Users/bryan/new111/web-sdk/packages/components-shared/.storybook...
[00:00:36.209] [INFO] detect-automigrations-task: Checking automigrations for
C:/Users/bryan/new111/web-sdk/packages/components-pixi/.storybook...
[00:00:36.221] [DEBUG] Processing project: C:/Users/bryan/new111/web-sdk/packages/components-pixi/.storybook
[00:00:36.221] [DEBUG] Checking fix eslintPlugin for project C:/Users/bryan/new111/web-sdk/packages/components-pixi/.storybook...
[00:00:36.241] [DEBUG] Checking fix addon-mdx-gfm-remove for project C:/Users/bryan/new111/web-sdk/packages/components-pixi/.storybook...
[00:00:36.242] [DEBUG] Checking fix addon-storysource-code-panel for project C:/Users/bryan/new111/web-sdk/packages/components-pixi/.storybook...
[00:00:36.242] [DEBUG] Checking fix upgrade-storybook-related-dependencies for project C:/Users/bryan/new111/web-sdk/packages/components-pixi/.storybook...
[00:00:36.242] [DEBUG] Checking for incompatible storybook packages...
[00:00:36.245] [DEBUG] Skipping config-storybook as it does not have a valid version type: workspace:*
[00:00:36.245] [DEBUG] Checking fix initial-globals for project C:/Users/bryan/new111/web-sdk/packages/components-pixi/.storybook...
[00:00:36.249] [WARN] CSF Parsing error: Expected 'ObjectExpression' but found 'undefined' instead in 'Identifier'.
[00:00:36.263] [DEBUG] Checking fix addon-globals-api for project C:/Users/bryan/new111/web-sdk/packages/components-pixi/.storybook...
[00:00:36.265] [WARN] CSF Parsing error: Expected 'ObjectExpression' but found 'undefined' instead in 'Identifier'.
[00:00:36.276] [DEBUG] Checking fix addon-a11y-addon-test for project C:/Users/bryan/new111/web-sdk/packages/components-pixi/.storybook...
[00:00:36.276] [DEBUG] Checking fix consolidated-imports for project C:/Users/bryan/new111/web-sdk/packages/components-pixi/.storybook...
[00:00:36.276] [DEBUG] Checking fix addon-experimental-test for project C:/Users/bryan/new111/web-sdk/packages/components-pixi/.storybook...
[00:00:36.277] [DEBUG] Using cached installed version for @storybook/experimental-addon-test...
[00:00:36.277] [DEBUG] Checking fix rnstorybook-config for project C:/Users/bryan/new111/web-sdk/packages/components-pixi/.storybook...
[00:00:36.277] [DEBUG] Checking fix remove-addon-interactions for project C:/Users/bryan/new111/web-sdk/packages/components-pixi/.storybook...
[00:00:36.277] [DEBUG] Checking fix renderer-to-framework for project C:/Users/bryan/new111/web-sdk/packages/components-pixi/.storybook...
[00:00:36.278] [DEBUG] Checking fix remove-essential-addons for project C:/Users/bryan/new111/web-sdk/packages/components-pixi/.storybook...
[00:00:36.279] [DEBUG] Checking fix addon-a11y-parameters for project C:/Users/bryan/new111/web-sdk/packages/components-pixi/.storybook...
[00:00:36.279] [DEBUG] Checking fix remove-docs-autodocs for project C:/Users/bryan/new111/web-sdk/packages/components-pixi/.storybook...
[00:00:36.281] [DEBUG] Checking fix wrap-require for project C:/Users/bryan/new111/web-sdk/packages/components-pixi/.storybook...
[00:00:36.461] [INFO] detect-automigrations-task: Checking automigrations for
C:/Users/bryan/new111/web-sdk/packages/components-ui-html/.storybook...
[00:00:36.468] [DEBUG] Processing project: C:/Users/bryan/new111/web-sdk/packages/components-ui-html/.storybook
[00:00:36.468] [DEBUG] Checking fix eslintPlugin for project C:/Users/bryan/new111/web-sdk/packages/components-ui-html/.storybook...
[00:00:36.488] [DEBUG] Checking fix addon-mdx-gfm-remove for project C:/Users/bryan/new111/web-sdk/packages/components-ui-html/.storybook...
[00:00:36.489] [DEBUG] Checking fix addon-storysource-code-panel for project C:/Users/bryan/new111/web-sdk/packages/components-ui-html/.storybook...
[00:00:36.489] [DEBUG] Checking fix upgrade-storybook-related-dependencies for project C:/Users/bryan/new111/web-sdk/packages/components-ui-html/.storybook...
[00:00:36.489] [DEBUG] Checking for incompatible storybook packages...
[00:00:36.492] [DEBUG] Skipping config-storybook as it does not have a valid version type: workspace:*
[00:00:36.492] [DEBUG] Checking fix initial-globals for project C:/Users/bryan/new111/web-sdk/packages/components-ui-html/.storybook...
[00:00:36.494] [WARN] CSF Parsing error: Expected 'ObjectExpression' but found 'undefined' instead in 'Identifier'.
[00:00:36.500] [DEBUG] Checking fix addon-globals-api for project C:/Users/bryan/new111/web-sdk/packages/components-ui-html/.storybook...
[00:00:36.503] [WARN] CSF Parsing error: Expected 'ObjectExpression' but found 'undefined' instead in 'Identifier'.
[00:00:36.513] [DEBUG] Checking fix addon-a11y-addon-test for project C:/Users/bryan/new111/web-sdk/packages/components-ui-html/.storybook...
[00:00:36.513] [DEBUG] Checking fix consolidated-imports for project C:/Users/bryan/new111/web-sdk/packages/components-ui-html/.storybook...
[00:00:36.514] [DEBUG] Checking fix addon-experimental-test for project C:/Users/bryan/new111/web-sdk/packages/components-ui-html/.storybook...
[00:00:36.514] [DEBUG] Using cached installed version for @storybook/experimental-addon-test...
[00:00:36.514] [DEBUG] Checking fix rnstorybook-config for project C:/Users/bryan/new111/web-sdk/packages/components-ui-html/.storybook...
[00:00:36.515] [DEBUG] Checking fix remove-addon-interactions for project C:/Users/bryan/new111/web-sdk/packages/components-ui-html/.storybook...
[00:00:36.515] [DEBUG] Checking fix renderer-to-framework for project C:/Users/bryan/new111/web-sdk/packages/components-ui-html/.storybook...
[00:00:36.516] [DEBUG] Checking fix remove-essential-addons for project C:/Users/bryan/new111/web-sdk/packages/components-ui-html/.storybook...
[00:00:36.517] [DEBUG] Checking fix addon-a11y-parameters for project C:/Users/bryan/new111/web-sdk/packages/components-ui-html/.storybook...
[00:00:36.517] [DEBUG] Checking fix remove-docs-autodocs for project C:/Users/bryan/new111/web-sdk/packages/components-ui-html/.storybook...
[00:00:36.522] [DEBUG] Checking fix wrap-require for project C:/Users/bryan/new111/web-sdk/packages/components-ui-html/.storybook...
[00:00:36.706] [INFO] detect-automigrations-task: Checking automigrations for
C:/Users/bryan/new111/web-sdk/packages/components-storybook/.storybook...
[00:00:36.717] [DEBUG] Processing project: C:/Users/bryan/new111/web-sdk/packages/components-storybook/.storybook
[00:00:36.717] [DEBUG] Checking fix eslintPlugin for project C:/Users/bryan/new111/web-sdk/packages/components-storybook/.storybook...
[00:00:36.774] [DEBUG] Checking fix addon-mdx-gfm-remove for project C:/Users/bryan/new111/web-sdk/packages/components-storybook/.storybook...
[00:00:36.775] [DEBUG] Checking fix addon-storysource-code-panel for project C:/Users/bryan/new111/web-sdk/packages/components-storybook/.storybook...
[00:00:36.775] [DEBUG] Checking fix upgrade-storybook-related-dependencies for project C:/Users/bryan/new111/web-sdk/packages/components-storybook/.storybook...
[00:00:36.775] [DEBUG] Checking for incompatible storybook packages...
[00:00:36.782] [DEBUG] Skipping config-storybook as it does not have a valid version type: workspace:*
[00:00:36.782] [DEBUG] Getting installed version for @chromatic-com/storybook...
[00:00:39.597] [DEBUG] Using cached version for @chromatic-com/storybook...
[00:00:39.597] [DEBUG] Checking fix initial-globals for project C:/Users/bryan/new111/web-sdk/packages/components-storybook/.storybook...
[00:00:39.600] [WARN] CSF Parsing error: Expected 'ObjectExpression' but found 'undefined' instead in 'Identifier'.
[00:00:39.601] [DEBUG] Checking fix addon-globals-api for project C:/Users/bryan/new111/web-sdk/packages/components-storybook/.storybook...
[00:00:39.602] [WARN] CSF Parsing error: Expected 'ObjectExpression' but found 'undefined' instead in 'Identifier'.
[00:00:39.603] [DEBUG] Checking fix addon-a11y-addon-test for project C:/Users/bryan/new111/web-sdk/packages/components-storybook/.storybook...
[00:00:39.603] [DEBUG] Checking fix consolidated-imports for project C:/Users/bryan/new111/web-sdk/packages/components-storybook/.storybook...
[00:00:39.604] [DEBUG] Checking fix addon-experimental-test for project C:/Users/bryan/new111/web-sdk/packages/components-storybook/.storybook...
[00:00:39.604] [DEBUG] Using cached installed version for @storybook/experimental-addon-test...
[00:00:39.604] [DEBUG] Checking fix rnstorybook-config for project C:/Users/bryan/new111/web-sdk/packages/components-storybook/.storybook...
[00:00:39.604] [DEBUG] Checking fix remove-addon-interactions for project C:/Users/bryan/new111/web-sdk/packages/components-storybook/.storybook...
[00:00:39.604] [DEBUG] Checking fix renderer-to-framework for project C:/Users/bryan/new111/web-sdk/packages/components-storybook/.storybook...
[00:00:39.605] [DEBUG] Checking fix remove-essential-addons for project C:/Users/bryan/new111/web-sdk/packages/components-storybook/.storybook...
[00:00:39.605] [DEBUG] Checking fix addon-a11y-parameters for project C:/Users/bryan/new111/web-sdk/packages/components-storybook/.storybook...
[00:00:39.605] [DEBUG] Checking fix remove-docs-autodocs for project C:/Users/bryan/new111/web-sdk/packages/components-storybook/.storybook...
[00:00:39.606] [DEBUG] Checking fix wrap-require for project C:/Users/bryan/new111/web-sdk/packages/components-storybook/.storybook...
[00:00:39.665] [INFO] detect-automigrations-task: Checking automigrations for
C:/Users/bryan/new111/web-sdk/packages/components-ui-pixi/.storybook...
[00:00:39.666] [DEBUG] Processing project: C:/Users/bryan/new111/web-sdk/packages/components-ui-pixi/.storybook
[00:00:39.666] [DEBUG] Checking fix eslintPlugin for project C:/Users/bryan/new111/web-sdk/packages/components-ui-pixi/.storybook...
[00:00:39.677] [DEBUG] Checking fix addon-mdx-gfm-remove for project C:/Users/bryan/new111/web-sdk/packages/components-ui-pixi/.storybook...
[00:00:39.678] [DEBUG] Checking fix addon-storysource-code-panel for project C:/Users/bryan/new111/web-sdk/packages/components-ui-pixi/.storybook...
[00:00:39.678] [DEBUG] Checking fix upgrade-storybook-related-dependencies for project C:/Users/bryan/new111/web-sdk/packages/components-ui-pixi/.storybook...
[00:00:39.678] [DEBUG] Checking for incompatible storybook packages...
[00:00:39.679] [DEBUG] Skipping config-storybook as it does not have a valid version type: workspace:*
[00:00:39.679] [DEBUG] Checking fix initial-globals for project C:/Users/bryan/new111/web-sdk/packages/components-ui-pixi/.storybook...
[00:00:39.680] [WARN] CSF Parsing error: Expected 'ObjectExpression' but found 'undefined' instead in 'Identifier'.
[00:00:39.681] [DEBUG] Checking fix addon-globals-api for project C:/Users/bryan/new111/web-sdk/packages/components-ui-pixi/.storybook...
[00:00:39.683] [WARN] CSF Parsing error: Expected 'ObjectExpression' but found 'undefined' instead in 'Identifier'.
[00:00:39.684] [DEBUG] Checking fix addon-a11y-addon-test for project C:/Users/bryan/new111/web-sdk/packages/components-ui-pixi/.storybook...
[00:00:39.684] [DEBUG] Checking fix consolidated-imports for project C:/Users/bryan/new111/web-sdk/packages/components-ui-pixi/.storybook...
[00:00:39.685] [DEBUG] Checking fix addon-experimental-test for project C:/Users/bryan/new111/web-sdk/packages/components-ui-pixi/.storybook...
[00:00:39.685] [DEBUG] Using cached installed version for @storybook/experimental-addon-test...
[00:00:39.685] [DEBUG] Checking fix rnstorybook-config for project C:/Users/bryan/new111/web-sdk/packages/components-ui-pixi/.storybook...
[00:00:39.686] [DEBUG] Checking fix remove-addon-interactions for project C:/Users/bryan/new111/web-sdk/packages/components-ui-pixi/.storybook...
[00:00:39.686] [DEBUG] Checking fix renderer-to-framework for project C:/Users/bryan/new111/web-sdk/packages/components-ui-pixi/.storybook...
[00:00:39.686] [DEBUG] Checking fix remove-essential-addons for project C:/Users/bryan/new111/web-sdk/packages/components-ui-pixi/.storybook...
[00:00:39.687] [DEBUG] Checking fix addon-a11y-parameters for project C:/Users/bryan/new111/web-sdk/packages/components-ui-pixi/.storybook...
[00:00:39.687] [DEBUG] Checking fix remove-docs-autodocs for project C:/Users/bryan/new111/web-sdk/packages/components-ui-pixi/.storybook...
[00:00:39.688] [DEBUG] Checking fix wrap-require for project C:/Users/bryan/new111/web-sdk/packages/components-ui-pixi/.storybook...
[00:00:39.747] [INFO] detect-automigrations-task: Checking automigrations for
C:/Users/bryan/new111/web-sdk/packages/pixi-svelte-storybook/.storybook...
[00:00:39.748] [DEBUG] Processing project: C:/Users/bryan/new111/web-sdk/packages/pixi-svelte-storybook/.storybook
[00:00:39.748] [DEBUG] Checking fix eslintPlugin for project C:/Users/bryan/new111/web-sdk/packages/pixi-svelte-storybook/.storybook...
[00:00:39.756] [DEBUG] Checking fix addon-mdx-gfm-remove for project C:/Users/bryan/new111/web-sdk/packages/pixi-svelte-storybook/.storybook...
[00:00:39.756] [DEBUG] Checking fix addon-storysource-code-panel for project C:/Users/bryan/new111/web-sdk/packages/pixi-svelte-storybook/.storybook...
[00:00:39.757] [DEBUG] Checking fix upgrade-storybook-related-dependencies for project C:/Users/bryan/new111/web-sdk/packages/pixi-svelte-storybook/.storybook...
[00:00:39.757] [DEBUG] Checking for incompatible storybook packages...
[00:00:39.759] [DEBUG] Skipping components-storybook as it does not have a valid version type: workspace:*
[00:00:39.759] [DEBUG] Skipping config-storybook as it does not have a valid version type: workspace:*
[00:00:39.760] [DEBUG] Using cached installed version for @chromatic-com/storybook...
[00:00:39.760] [DEBUG] Using cached version for @chromatic-com/storybook...
[00:00:39.760] [DEBUG] Checking fix initial-globals for project C:/Users/bryan/new111/web-sdk/packages/pixi-svelte-storybook/.storybook...
[00:00:39.761] [WARN] CSF Parsing error: Expected 'ObjectExpression' but found 'undefined' instead in 'Identifier'.
[00:00:39.762] [DEBUG] Checking fix addon-globals-api for project C:/Users/bryan/new111/web-sdk/packages/pixi-svelte-storybook/.storybook...
[00:00:39.763] [WARN] CSF Parsing error: Expected 'ObjectExpression' but found 'undefined' instead in 'Identifier'.
[00:00:39.764] [DEBUG] Checking fix addon-a11y-addon-test for project C:/Users/bryan/new111/web-sdk/packages/pixi-svelte-storybook/.storybook...
[00:00:39.765] [DEBUG] Checking fix consolidated-imports for project C:/Users/bryan/new111/web-sdk/packages/pixi-svelte-storybook/.storybook...
[00:00:39.765] [DEBUG] Checking fix addon-experimental-test for project C:/Users/bryan/new111/web-sdk/packages/pixi-svelte-storybook/.storybook...
[00:00:39.765] [DEBUG] Using cached installed version for @storybook/experimental-addon-test...
[00:00:39.765] [DEBUG] Checking fix rnstorybook-config for project C:/Users/bryan/new111/web-sdk/packages/pixi-svelte-storybook/.storybook...
[00:00:39.766] [DEBUG] Checking fix remove-addon-interactions for project C:/Users/bryan/new111/web-sdk/packages/pixi-svelte-storybook/.storybook...
[00:00:39.766] [DEBUG] Checking fix renderer-to-framework for project C:/Users/bryan/new111/web-sdk/packages/pixi-svelte-storybook/.storybook...
[00:00:39.767] [DEBUG] Checking fix remove-essential-addons for project C:/Users/bryan/new111/web-sdk/packages/pixi-svelte-storybook/.storybook...
[00:00:39.767] [DEBUG] Checking fix addon-a11y-parameters for project C:/Users/bryan/new111/web-sdk/packages/pixi-svelte-storybook/.storybook...
[00:00:39.767] [DEBUG] Checking fix remove-docs-autodocs for project C:/Users/bryan/new111/web-sdk/packages/pixi-svelte-storybook/.storybook...
[00:00:39.768] [DEBUG] Checking fix wrap-require for project C:/Users/bryan/new111/web-sdk/packages/pixi-svelte-storybook/.storybook...
[00:00:39.829] [INFO] detect-automigrations-task: 
Automigrations detected:
[00:00:39.981] [INFO] detect-automigrations-task: ✔ eslintPlugin
[00:00:39.987] [INFO] detect-automigrations-task-success: 1 automigration(s) detected
[00:01:42.784] [PROMPT] Select automigrations to run {"choice":["eslintPlugin","renderer-to-framework","upgrade-storybook-related-dependencies"]}
[00:01:42.787] [INFO] automigrate-C:/Users/bryan/new111/web-sdk/apps/cluster/.storybook-task-start: (1/14) Running automigrations for C:/Users/bryan/new111/web-sdk/apps/cluster/.storybook
[00:01:42.787] [DEBUG] Adding dependencies: eslint-plugin-storybook@9.1.10
[00:01:42.788] [DEBUG] Getting CLI versions from NPM for eslint-plugin-storybook...
[00:01:43.847] [INFO] automigrate-C:/Users/bryan/new111/web-sdk/apps/cluster/.storybook-task: ✔ eslintPlugin
[00:01:43.848] [INFO] automigrate-C:/Users/bryan/new111/web-sdk/apps/cluster/.storybook-task-success: (1/14) Completed automigrations for C:/Users/bryan/new111/web-sdk/apps/cluster/.storybook
[00:01:43.848] [INFO] automigrate-C:/Users/bryan/new111/web-sdk/apps/number-picker/.storybook-task-start: (2/14) Running automigrations for C:/Users/bryan/new111/web-sdk/apps/number-picker/.storybook
[00:01:43.848] [DEBUG] Adding dependencies: eslint-plugin-storybook@9.1.10
[00:01:43.849] [DEBUG] Using cached version for eslint-plugin-storybook...
[00:01:43.938] [INFO] automigrate-C:/Users/bryan/new111/web-sdk/apps/number-picker/.storybook-task: ✔ eslintPlugin
[00:01:43.938] [INFO] automigrate-C:/Users/bryan/new111/web-sdk/apps/number-picker/.storybook-task-success: (2/14) Completed automigrations for C:/Users/bryan/new111/web-sdk/apps/number-picker/.storybook
[00:01:43.939] [INFO] automigrate-C:/Users/bryan/new111/web-sdk/apps/lines/.storybook-task-start: (3/14) Running automigrations for C:/Users/bryan/new111/web-sdk/apps/lines/.storybook
[00:01:43.939] [DEBUG] Adding dependencies: eslint-plugin-storybook@9.1.10
[00:01:43.939] [DEBUG] Using cached version for eslint-plugin-storybook...
[00:01:44.023] [INFO] automigrate-C:/Users/bryan/new111/web-sdk/apps/lines/.storybook-task: ✔ eslintPlugin
[00:01:44.023] [INFO] automigrate-C:/Users/bryan/new111/web-sdk/apps/lines/.storybook-task-success: (3/14) Completed automigrations for C:/Users/bryan/new111/web-sdk/apps/lines/.storybook
[00:01:44.024] [INFO] automigrate-C:/Users/bryan/new111/web-sdk/apps/price/.storybook-task-start: (4/14) Running automigrations for C:/Users/bryan/new111/web-sdk/apps/price/.storybook
[00:01:44.024] [DEBUG] Adding dependencies: eslint-plugin-storybook@9.1.10
[00:01:44.025] [DEBUG] Using cached version for eslint-plugin-storybook...
[00:01:44.097] [INFO] automigrate-C:/Users/bryan/new111/web-sdk/apps/price/.storybook-task: ✔ eslintPlugin
[00:01:44.098] [INFO] automigrate-C:/Users/bryan/new111/web-sdk/apps/price/.storybook-task-success: (4/14) Completed automigrations for C:/Users/bryan/new111/web-sdk/apps/price/.storybook
[00:01:44.098] [INFO] automigrate-C:/Users/bryan/new111/web-sdk/apps/scatter/.storybook-task-start: (5/14) Running automigrations for C:/Users/bryan/new111/web-sdk/apps/scatter/.storybook
[00:01:44.098] [DEBUG] Adding dependencies: eslint-plugin-storybook@9.1.10
[00:01:44.099] [DEBUG] Using cached version for eslint-plugin-storybook...
[00:01:44.169] [INFO] automigrate-C:/Users/bryan/new111/web-sdk/apps/scatter/.storybook-task: ✔ eslintPlugin
[00:01:44.170] [INFO] automigrate-C:/Users/bryan/new111/web-sdk/apps/scatter/.storybook-task-success: (5/14) Completed automigrations for C:/Users/bryan/new111/web-sdk/apps/scatter/.storybook
[00:01:44.170] [INFO] automigrate-C:/Users/bryan/new111/web-sdk/apps/ways/.storybook-task-start: (6/14) Running automigrations for C:/Users/bryan/new111/web-sdk/apps/ways/.storybook
[00:01:44.171] [DEBUG] Adding dependencies: eslint-plugin-storybook@9.1.10
[00:01:44.171] [DEBUG] Using cached version for eslint-plugin-storybook...
[00:01:44.247] [INFO] automigrate-C:/Users/bryan/new111/web-sdk/apps/ways/.storybook-task: ✔ eslintPlugin
[00:01:44.247] [INFO] automigrate-C:/Users/bryan/new111/web-sdk/apps/ways/.storybook-task-success: (6/14) Completed automigrations for C:/Users/bryan/new111/web-sdk/apps/ways/.storybook
[00:01:44.248] [INFO] automigrate-C:/Users/bryan/new111/web-sdk/apps/surge/.storybook-task-start: (7/14) Running automigrations for C:/Users/bryan/new111/web-sdk/apps/surge/.storybook
[00:01:44.248] [DEBUG] Adding dependencies: eslint-plugin-storybook@9.1.10
[00:01:44.248] [DEBUG] Using cached version for eslint-plugin-storybook...
[00:01:44.327] [INFO] automigrate-C:/Users/bryan/new111/web-sdk/apps/surge/.storybook-task: ✔ eslintPlugin
[00:01:44.327] [INFO] automigrate-C:/Users/bryan/new111/web-sdk/apps/surge/.storybook-task-success: (7/14) Completed automigrations for C:/Users/bryan/new111/web-sdk/apps/surge/.storybook
[00:01:44.328] [INFO] automigrate-C:/Users/bryan/new111/web-sdk/packages/components-layout/.storybook-task-start: (8/14) Running automigrations for C:/Users/bryan/new111/web-sdk/packages/components-layout/.storybook
[00:01:44.328] [DEBUG] Adding dependencies: eslint-plugin-storybook@9.1.10
[00:01:44.328] [DEBUG] Using cached version for eslint-plugin-storybook...
[00:01:44.399] [INFO] automigrate-C:/Users/bryan/new111/web-sdk/packages/components-layout/.storybook-task: ✔ eslintPlugin
[00:01:44.399] [INFO] automigrate-C:/Users/bryan/new111/web-sdk/packages/components-layout/.storybook-task-success: (8/14) Completed automigrations for C:/Users/bryan/new111/web-sdk/packages/components-layout/.storybook
[00:01:44.400] [INFO] automigrate-C:/Users/bryan/new111/web-sdk/packages/components-shared/.storybook-task-start: (9/14) Running automigrations for C:/Users/bryan/new111/web-sdk/packages/components-shared/.storybook
[00:01:44.400] [DEBUG] Adding dependencies: eslint-plugin-storybook@9.1.10
[00:01:44.400] [DEBUG] Using cached version for eslint-plugin-storybook...
[00:01:44.478] [INFO] automigrate-C:/Users/bryan/new111/web-sdk/packages/components-shared/.storybook-task: ✔ eslintPlugin
[00:01:44.478] [INFO] automigrate-C:/Users/bryan/new111/web-sdk/packages/components-shared/.storybook-task-success: (9/14) Completed automigrations for C:/Users/bryan/new111/web-sdk/packages/components-shared/.storybook
[00:01:44.479] [INFO] automigrate-C:/Users/bryan/new111/web-sdk/packages/components-pixi/.storybook-task-start: (10/14) Running automigrations for C:/Users/bryan/new111/web-sdk/packages/components-pixi/.storybook
[00:01:44.479] [DEBUG] Adding dependencies: eslint-plugin-storybook@9.1.10
[00:01:44.480] [DEBUG] Using cached version for eslint-plugin-storybook...
[00:01:44.556] [INFO] automigrate-C:/Users/bryan/new111/web-sdk/packages/components-pixi/.storybook-task: ✔ eslintPlugin
[00:01:44.557] [INFO] automigrate-C:/Users/bryan/new111/web-sdk/packages/components-pixi/.storybook-task-success: (10/14) Completed automigrations for C:/Users/bryan/new111/web-sdk/packages/components-pixi/.storybook
[00:01:44.557] [INFO] automigrate-C:/Users/bryan/new111/web-sdk/packages/components-ui-html/.storybook-task-start: (11/14) Running automigrations for C:/Users/bryan/new111/web-sdk/packages/components-ui-html/.storybook
[00:01:44.557] [DEBUG] Adding dependencies: eslint-plugin-storybook@9.1.10
[00:01:44.558] [DEBUG] Using cached version for eslint-plugin-storybook...
[00:01:44.634] [INFO] automigrate-C:/Users/bryan/new111/web-sdk/packages/components-ui-html/.storybook-task: ✔ eslintPlugin
[00:01:44.634] [INFO] automigrate-C:/Users/bryan/new111/web-sdk/packages/components-ui-html/.storybook-task-success: (11/14) Completed automigrations for C:/Users/bryan/new111/web-sdk/packages/components-ui-html/.storybook
[00:01:44.635] [INFO] automigrate-C:/Users/bryan/new111/web-sdk/packages/components-storybook/.storybook-task-start: (12/14) Running automigrations for C:/Users/bryan/new111/web-sdk/packages/components-storybook/.storybook
[00:01:44.635] [DEBUG] Adding dependencies: eslint-plugin-storybook@9.1.10
[00:01:44.635] [DEBUG] Using cached version for eslint-plugin-storybook...
[00:01:44.706] [INFO] automigrate-C:/Users/bryan/new111/web-sdk/packages/components-storybook/.storybook-task: ✔ eslintPlugin
[00:01:44.790] [INFO] automigrate-C:/Users/bryan/new111/web-sdk/packages/components-storybook/.storybook-task: ✔ upgrade-storybook-related-dependencies
[00:01:44.795] [DEBUG] 
Migrating @storybook/svelte to @storybook/sveltekit
[00:01:44.800] [DEBUG] Updating package.json files...
[00:01:45.076] [INFO] automigrate-C:/Users/bryan/new111/web-sdk/packages/components-storybook/.storybook-task: ✔ renderer-to-framework
[00:01:45.078] [INFO] automigrate-C:/Users/bryan/new111/web-sdk/packages/components-storybook/.storybook-task-success: (12/14) Completed automigrations for C:/Users/bryan/new111/web-sdk/packages/components-storybook/.storybook
[00:01:45.079] [INFO] automigrate-C:/Users/bryan/new111/web-sdk/packages/components-ui-pixi/.storybook-task-start: (13/14) Running automigrations for C:/Users/bryan/new111/web-sdk/packages/components-ui-pixi/.storybook
[00:01:45.079] [DEBUG] Adding dependencies: eslint-plugin-storybook@9.1.10
[00:01:45.079] [DEBUG] Using cached version for eslint-plugin-storybook...
[00:01:45.210] [INFO] automigrate-C:/Users/bryan/new111/web-sdk/packages/components-ui-pixi/.storybook-task: ✔ eslintPlugin
[00:01:45.212] [INFO] automigrate-C:/Users/bryan/new111/web-sdk/packages/components-ui-pixi/.storybook-task-success: (13/14) Completed automigrations for C:/Users/bryan/new111/web-sdk/packages/components-ui-pixi/.storybook
[00:01:45.215] [INFO] automigrate-C:/Users/bryan/new111/web-sdk/packages/pixi-svelte-storybook/.storybook-task-start: (14/14) Running automigrations for C:/Users/bryan/new111/web-sdk/packages/pixi-svelte-storybook/.storybook
[00:01:45.216] [DEBUG] Adding dependencies: eslint-plugin-storybook@9.1.10
[00:01:45.216] [DEBUG] Using cached version for eslint-plugin-storybook...
[00:01:45.346] [INFO] automigrate-C:/Users/bryan/new111/web-sdk/packages/pixi-svelte-storybook/.storybook-task: ✔ eslintPlugin
[00:01:45.478] [INFO] automigrate-C:/Users/bryan/new111/web-sdk/packages/pixi-svelte-storybook/.storybook-task: ✔ upgrade-storybook-related-dependencies
[00:01:45.480] [DEBUG] 
Migrating @storybook/svelte to @storybook/sveltekit
[00:01:45.487] [DEBUG] Updating package.json files...
[00:01:45.604] [INFO] automigrate-C:/Users/bryan/new111/web-sdk/packages/pixi-svelte-storybook/.storybook-task: ✔ renderer-to-framework
[00:01:45.606] [INFO] automigrate-C:/Users/bryan/new111/web-sdk/packages/pixi-svelte-storybook/.storybook-task-success: (14/14) Completed automigrations for C:/Users/bryan/new111/web-sdk/packages/pixi-svelte-storybook/.storybook
[00:01:48.203] [INFO] Installing dependencies...
[00:01:48.207] [INFO] install-dependencies-task-start: Installing dependencies...
[00:01:49.732] [INFO] WARN  `node_modules` is present. Lockfile only installation will make it out-of-date
[00:01:49.794] [INFO] install-dependencies-task: WARN  `node_modules` is present. Lockfile only installation will make it
out-of-date
[00:01:49.861] [INFO] Progress: resolved 1, reused 0, downloaded 0, added 0
[00:01:49.926] [INFO] install-dependencies-task: Progress: resolved 1, reused 0, downloaded 0, added 0
[00:01:50.876] [INFO] Progress: resolved 37, reused 0, downloaded 0, added 0
[00:01:50.950] [INFO] install-dependencies-task: Progress: resolved 37, reused 0, downloaded 0, added 0
[00:01:51.894] [INFO] Progress: resolved 45, reused 0, downloaded 0, added 0
[00:01:51.961] [INFO] install-dependencies-task: Progress: resolved 45, reused 0, downloaded 0, added 0
[00:01:52.286] [INFO] ╭───────────────────────────────────────────────────────────────────╮
   │                                                                   │
   │                Update available! 10.5.0 → 10.18.3.                │
   │   Changelog: https://github.com/pnpm/pnpm/releases/tag/v10.18.3   │
   │                 Run "pnpm add -g pnpm" to update.                 │
   │                                                                   │
   ╰───────────────────────────────────────────────────────────────────╯
[00:01:52.370] [INFO] install-dependencies-task: ╭───────────────────────────────────────────────────────────────────╮
│                                                                   │
│                Update available! 10.5.0 → 10.18.3.                │
│   Changelog: https://github.com/pnpm/pnpm/releases/tag/v10.18.3   │
│                 Run "pnpm add -g pnpm" to update.                 │
│                                                                   │
╰───────────────────────────────────────────────────────────────────╯
[00:01:52.894] [INFO] Progress: resolved 46, reused 0, downloaded 0, added 0
[00:01:52.964] [INFO] install-dependencies-task: Progress: resolved 46, reused 0, downloaded 0, added 0
[00:01:53.909] [INFO] Progress: resolved 131, reused 0, downloaded 0, added 0
[00:01:53.974] [INFO] install-dependencies-task: Progress: resolved 131, reused 0, downloaded 0, added 0
[00:01:54.910] [INFO] Progress: resolved 238, reused 0, downloaded 0, added 0
[00:01:54.969] [INFO] install-dependencies-task: Progress: resolved 238, reused 0, downloaded 0, added 0
[00:01:55.927] [INFO] Progress: resolved 501, reused 0, downloaded 0, added 0
[00:01:55.987] [INFO] install-dependencies-task: Progress: resolved 501, reused 0, downloaded 0, added 0
[00:01:56.929] [INFO] Progress: resolved 592, reused 0, downloaded 0, added 0
[00:01:56.989] [INFO] install-dependencies-task: Progress: resolved 592, reused 0, downloaded 0, added 0
[00:01:57.930] [INFO] Progress: resolved 630, reused 0, downloaded 0, added 0
[00:01:57.980] [INFO] install-dependencies-task: Progress: resolved 630, reused 0, downloaded 0, added 0
[00:01:58.350] [INFO] WARN  2 deprecated subdependencies found: lodash.get@4.4.2, source-map@0.8.0-beta.0
[00:01:58.412] [INFO] install-dependencies-task: WARN  2 deprecated subdependencies found: lodash.get@4.4.2,
source-map@0.8.0-beta.0
[00:01:58.451] [INFO] Progress: resolved 630, reused 0, downloaded 0, added 0, done
[00:01:58.528] [INFO] install-dependencies-task: Progress: resolved 630, reused 0, downloaded 0, added 0, done
[00:01:58.529] [INFO] WARN  Issues with peer dependencies found
packages/config-storybook
└─┬ @chromatic-com/storybook 3.2.5
  └── ✕ unmet peer storybook@"^8.2.0 || ^8.3.0-0 || ^8.4.0-0 || ^8.5.0-0 || ^8.6.0-0": found 9.0.15

packages/state-shared
├─┬ @sveltejs/kit 2.17.3
│ └── ✕ unmet peer vite@"^5.0.3 || ^6.0.0": found 7.0.0
└─┬ @sveltejs/vite-plugin-svelte 5.1.0
  ├── ✕ unmet peer vite@^6.0.0: found 7.0.0
  └─┬ @sveltejs/vite-plugin-svelte-inspector 4.0.1
    └── ✕ unmet peer vite@^6.0.0: found 7.0.0
[00:01:59.031] [INFO] install-dependencies-task: WARN  Issues with peer dependencies found
packages/config-storybook
└─┬ @chromatic-com/storybook 3.2.5
└── ✕ unmet peer storybook@"^8.2.0 || ^8.3.0-0 || ^8.4.0-0 || ^8.5.0-0 ||
^8.6.0-0": found 9.0.15

packages/state-shared
├─┬ @sveltejs/kit 2.17.3
│ └── ✕ unmet peer vite@"^5.0.3 || ^6.0.0": found 7.0.0
└─┬ @sveltejs/vite-plugin-svelte 5.1.0
├── ✕ unmet peer vite@^6.0.0: found 7.0.0
└─┬ @sveltejs/vite-plugin-svelte-inspector 4.0.1
└── ✕ unmet peer vite@^6.0.0: found 7.0.0
[00:01:59.034] [INFO] Packages: +10
++++++++++
[00:01:59.376] [INFO] install-dependencies-task: Packages: +10
++++++++++
[00:02:01.036] [INFO] Done in 12.1s using pnpm v10.5.0
[00:02:01.117] [INFO] install-dependencies-task: Done in 12.1s using pnpm v10.5.0
[00:02:01.167] [INFO] Dependencies installed
[00:02:01.167] [INFO] install-dependencies-task-success: Dependencies installed
[00:02:01.167] [WARN] Since you are in a monorepo, we advise you to deduplicate your dependencies. We can do this for you but it might take some time.
[00:02:12.440] [PROMPT] Execute pnpm run dedupe? {"choice":true}
[00:02:12.440] [INFO] Deduplicating dependencies...
[00:02:12.441] [INFO] dedupe-dependencies-task-start: Deduplicating dependencies...
[00:02:13.482] [INFO] Progress: resolved 1, reused 0, downloaded 0, added 0
[00:02:13.598] [INFO] dedupe-dependencies-task: Progress: resolved 1, reused 0, downloaded 0, added 0
[00:02:14.496] [INFO] Progress: resolved 12, reused 10, downloaded 2, added 0
[00:02:14.548] [INFO] dedupe-dependencies-task: Progress: resolved 12, reused 10, downloaded 2, added 0
[00:02:15.505] [INFO] Progress: resolved 27, reused 19, downloaded 4, added 0
[00:02:15.576] [INFO] dedupe-dependencies-task: Progress: resolved 27, reused 19, downloaded 4, added 0
[00:02:16.520] [INFO] Progress: resolved 43, reused 34, downloaded 7, added 0
[00:02:16.583] [INFO] dedupe-dependencies-task: Progress: resolved 43, reused 34, downloaded 7, added 0
[00:02:17.520] [INFO] Progress: resolved 120, reused 109, downloaded 7, added 0
[00:02:17.594] [INFO] dedupe-dependencies-task: Progress: resolved 120, reused 109, downloaded 7, added 0
[00:02:18.533] [INFO] Progress: resolved 205, reused 170, downloaded 13, added 0
[00:02:18.608] [INFO] dedupe-dependencies-task: Progress: resolved 205, reused 170, downloaded 13, added 0
[00:02:19.568] [INFO] Progress: resolved 354, reused 265, downloaded 15, added 0
[00:02:19.636] [INFO] dedupe-dependencies-task: Progress: resolved 354, reused 265, downloaded 15, added 0
[00:02:20.681] [INFO] Progress: resolved 477, reused 368, downloaded 15, added 0
[00:02:20.766] [INFO] dedupe-dependencies-task: Progress: resolved 477, reused 368, downloaded 15, added 0
[00:02:21.710] [INFO] Progress: resolved 576, reused 470, downloaded 15, added 0
[00:02:21.767] [INFO] dedupe-dependencies-task: Progress: resolved 576, reused 470, downloaded 15, added 0
[00:02:22.778] [INFO] WARN  2 deprecated subdependencies found: lodash.get@4.4.2, source-map@0.8.0-beta.0
[00:02:22.836] [INFO] dedupe-dependencies-task: WARN  2 deprecated subdependencies found: lodash.get@4.4.2,
source-map@0.8.0-beta.0
[00:02:22.836] [INFO] Progress: resolved 623, reused 498, downloaded 15, added 0
Already up to date
[00:02:23.003] [INFO] dedupe-dependencies-task: Progress: resolved 623, reused 498, downloaded 15, added 0
Already up to date
[00:02:23.807] [INFO] Progress: resolved 623, reused 498, downloaded 15, added 41
[00:02:23.886] [INFO] dedupe-dependencies-task: Progress: resolved 623, reused 498, downloaded 15, added 41
[00:02:24.040] [INFO] Progress: resolved 623, reused 498, downloaded 15, added 41, done
[00:02:24.113] [INFO] dedupe-dependencies-task: Progress: resolved 623, reused 498, downloaded 15, added 41, done
[00:02:29.893] [INFO] WARN  Issues with peer dependencies found
packages/config-storybook
└─┬ @chromatic-com/storybook 3.2.5
  └── ✕ unmet peer storybook@"^8.2.0 || ^8.3.0-0 || ^8.4.0-0 || ^8.5.0-0 || ^8.6.0-0": found 9.0.15

packages/state-shared
├─┬ @sveltejs/kit 2.17.3
│ └── ✕ unmet peer vite@"^5.0.3 || ^6.0.0": found 7.0.0
└─┬ @sveltejs/vite-plugin-svelte 5.1.0
  ├── ✕ unmet peer vite@^6.0.0: found 7.0.0
  └─┬ @sveltejs/vite-plugin-svelte-inspector 4.0.1
    └── ✕ unmet peer vite@^6.0.0: found 7.0.0
[00:02:30.083] [INFO] dedupe-dependencies-task: WARN  Issues with peer dependencies found
packages/config-storybook
└─┬ @chromatic-com/storybook 3.2.5
└── ✕ unmet peer storybook@"^8.2.0 || ^8.3.0-0 || ^8.4.0-0 || ^8.5.0-0 ||
^8.6.0-0": found 9.0.15

packages/state-shared
├─┬ @sveltejs/kit 2.17.3
│ └── ✕ unmet peer vite@"^5.0.3 || ^6.0.0": found 7.0.0
└─┬ @sveltejs/vite-plugin-svelte 5.1.0
├── ✕ unmet peer vite@^6.0.0: found 7.0.0
└─┬ @sveltejs/vite-plugin-svelte-inspector 4.0.1
└── ✕ unmet peer vite@^6.0.0: found 7.0.0
[00:02:30.096] [INFO] dependencies:
+ eslint 9.21.0 (9.37.0 is available)
+ eslint-config-custom 0.0.0 <- packages\eslint-config-custom
+ prettier 3.5.2 (3.6.2 is available)
+ prettier-plugin-svelte 3.3.3 (3.4.0 is available)
+ turbo 2.4.4 (2.5.8 is available)
[00:02:30.273] [INFO] dedupe-dependencies-task: dependencies:
+ eslint 9.21.0 (9.37.0 is available)
+ eslint-config-custom 0.0.0 <- packages\eslint-config-custom
+ prettier 3.5.2 (3.6.2 is available)
+ prettier-plugin-svelte 3.3.3 (3.4.0 is available)
+ turbo 2.4.4 (2.5.8 is available)
[00:02:30.280] [INFO] Dependencies deduplicated
[00:02:30.280] [INFO] dedupe-dependencies-task-success: Dependencies deduplicated
[00:02:30.283] [INFO] Checking the health of your project(s)..
[00:03:01.895] [WARN] Found 1 issue across 14 projects
[00:03:01.944] [INFO] The "storybook" package was not found in your package.json.
Installing "storybook" as a direct dev dependency in your package.json is required.

Affected projects: C:/Users/bryan/new111/web-sdk/apps/cluster/.storybook, C:/Users/bryan/new111/web-sdk/apps/number-picker/.storybook, C:/Users/bryan/new111/web-sdk/apps/lines/.storybook, C:/Users/bryan/new111/web-sdk/apps/price/.storybook, C:/Users/bryan/new111/web-sdk/apps/scatter/.storybook, C:/Users/bryan/new111/web-sdk/apps/ways/.storybook, C:/Users/bryan/new111/web-sdk/apps/surge/.storybook, C:/Users/bryan/new111/web-sdk/packages/components-layout/.storybook, C:/Users/bryan/new111/web-sdk/packages/components-shared/.storybook, C:/Users/bryan/new111/web-sdk/packages/components-pixi/.storybook, C:/Users/bryan/new111/web-sdk/packages/components-ui-html/.storybook, C:/Users/bryan/new111/web-sdk/packages/components-ui-pixi/.storybook
[00:03:01.944] [INFO] Missing Storybook Dependency
[00:03:01.993] [INFO] The "storybook" package was not found in your package.json.
Installing "storybook" as a direct dev dependency in your package.json is required.

Affected projects: C:/Users/bryan/new111/web-sdk/apps/cluster/.storybook, C:/Users/bryan/new111/web-sdk/apps/number-picker/.storybook, C:/Users/bryan/new111/web-sdk/apps/lines/.storybook, C:/Users/bryan/new111/web-sdk/apps/price/.storybook, C:/Users/bryan/new111/web-sdk/apps/scatter/.storybook, C:/Users/bryan/new111/web-sdk/apps/ways/.storybook, C:/Users/bryan/new111/web-sdk/apps/surge/.storybook, C:/Users/bryan/new111/web-sdk/packages/components-layout/.storybook, C:/Users/bryan/new111/web-sdk/packages/components-shared/.storybook, C:/Users/bryan/new111/web-sdk/packages/components-pixi/.storybook, C:/Users/bryan/new111/web-sdk/packages/components-ui-html/.storybook, C:/Users/bryan/new111/web-sdk/packages/components-ui-pixi/.storybook
[00:03:02.042] [INFO] Storybook doctor is complete!
[00:03:02.088] [INFO] You can always recheck the health of your project(s) by running:
npx storybook doctor
[00:03:02.137] [INFO] The upgrade is complete!
[00:03:02.187] [INFO] Your project(s) have been upgraded successfully, but some issues were found which need your attention, please check Storybook doctor logs above.
[00:03:02.373] [INFO] If you want to learn more about the automigrations that executed in your project(s), please check the following links:

• eslintPlugin
• upgrade-storybook-related-dependencies
• renderer-to-framework
[00:03:02.419] [INFO] For a full list of changes, please check our migration guide: https://storybook.js.org/docs/migration-guide?ref=upgrade
[00:03:02.470] [INFO] Attention: Storybook now collects completely anonymous telemetry regarding usage. This information is used to shape Storybook's roadmap and prioritize features.
[00:03:02.519] [INFO] You can learn more, including how to opt-out if you'd not like to participate in this anonymous program, by visiting the following URL:
[00:03:02.566] [INFO] https://storybook.js.org/telemetry
[00:03:02.615] [INFO] 